native_000%2F3.1137914.JLRDF2CNZNHDKCSTGDZQ2H5EP0IYOKU1B.3.xls
native_000%2F3.1138593.DSZT5GXBKAWAT3JJGZHYSL3PVXUPFTMKB.2.xls
native_000%2F3.1187155.O0YVGYMNJNTDYVCTVZSX10IAA04RFIEIB.3.xls
native_000%2F3.1207883.BZPJ2EC11VQSRETQJEA21ERCNEI5WB5VB.1.xls
native_000%2F3.1207886.ONY0Q0ZSAUKO4BT5NOF1LGYLSTOI050DA.1.xls
native_000%2F3.1207886.ONY0Q0ZSAUKO4BT5NOF1LGYLSTOI050DA.2.xls
native_000%2F3.1207886.ONY0Q0ZSAUKO4BT5NOF1LGYLSTOI050DA.3.xls
native_000%2F3.1207933.KR11JPDY2XTV4NIJRXY4NXTZVBJBHG3IA.1.xls
native_000%2F3.1207933.KR11JPDY2XTV4NIJRXY4NXTZVBJBHG3IA.2.xls
native_000%2F3.1207933.KR11JPDY2XTV4NIJRXY4NXTZVBJBHG3IA.3.xls
native_000%2F3.1210706.IT1YYIUXZ0FDM3RM4E5DGPIH4MQ2AQTHA.1.xls
native_000%2F3.1210706.IT1YYIUXZ0FDM3RM4E5DGPIH4MQ2AQTHA.2.xls
native_000%2F3.1210706.IT1YYIUXZ0FDM3RM4E5DGPIH4MQ2AQTHA.3.xls
native_000%2F3.1210706.IT1YYIUXZ0FDM3RM4E5DGPIH4MQ2AQTHA.4.xls
native_000%2F3.1210707.CTLYS5IIAZOCHQKZVJ5NLRFW0UQIOUESA.1.xls
native_000%2F3.1210709.JBAUZ2HK5IZMW2GJ1UBXTGXASBP1VJV0A.1.xls
native_000%2F3.1210709.JBAUZ2HK5IZMW2GJ1UBXTGXASBP1VJV0A.2.xls
native_000%2F3.1210709.JBAUZ2HK5IZMW2GJ1UBXTGXASBP1VJV0A.3.xls
native_000%2F3.1210710.HUCLOK4T5F2UKVJIVPL1MJJYDBXUXYSDA.1.xls
native_000%2F3.1210710.HUCLOK4T5F2UKVJIVPL1MJJYDBXUXYSDA.2.xls
native_000%2F3.1210710.HUCLOK4T5F2UKVJIVPL1MJJYDBXUXYSDA.3.xls
native_000%2F3.1210713.LU241Z2BX2DGRMQI5TOB3Z22ISTJO0I0A.1.xls
native_000%2F3.1210715.P2MFWKUAJXSIYVHEBNE2PGOT1VPAAHH2B.1.xls
native_000%2F3.1210720.FPB3JZFU44LSRKJ5JCVZXG5TDLTVN0WSA.1.xls
native_000%2F3.1210720.FPB3JZFU44LSRKJ5JCVZXG5TDLTVN0WSA.2.xls
native_000%2F3.1210720.FPB3JZFU44LSRKJ5JCVZXG5TDLTVN0WSA.3.xls
native_000%2F3.1210722.KK0YVBR03XMTRTVT3ONEKRZPPRGZRSGJA.1.xls
native_000%2F3.1210722.KK0YVBR03XMTRTVT3ONEKRZPPRGZRSGJA.2.xls
native_000%2F3.1210722.KK0YVBR03XMTRTVT3ONEKRZPPRGZRSGJA.3.xls
native_000%2F3.1210736.DTAUPACIUQAD1EDGMVNSNRKM3GR0S3LAA.1.xls
native_000%2F3.1210738.BHBMJJN0WCKIVD41MBVYG5IOR2FUKGHRA.1.xls
native_000%2F3.1210738.BHBMJJN0WCKIVD41MBVYG5IOR2FUKGHRA.2.xls
native_000%2F3.1210738.BHBMJJN0WCKIVD41MBVYG5IOR2FUKGHRA.3.xls
native_000%2F3.1210738.BHBMJJN0WCKIVD41MBVYG5IOR2FUKGHRA.4.xls
native_000%2F3.1210739.OFFIW3SWKP4F3OMVSPK5NEIOCWVMWJWEA.1.xls
native_000%2F3.1210739.OFFIW3SWKP4F3OMVSPK5NEIOCWVMWJWEA.2.xls
native_000%2F3.1210739.OFFIW3SWKP4F3OMVSPK5NEIOCWVMWJWEA.3.xls
native_000%2F3.1210739.OFFIW3SWKP4F3OMVSPK5NEIOCWVMWJWEA.4.xls
native_000%2F3.1210751.GM5PQDHU22CFSDEKAO5U4X30SXAGIY43A.1.xls
native_000%2F3.1210754.KTL2HYK1MT51SDMWGDS2F4DHXGG5LWUTA.1.xls
native_000%2F3.1210754.KTL2HYK1MT51SDMWGDS2F4DHXGG5LWUTA.2.xls
native_000%2F3.1210754.KTL2HYK1MT51SDMWGDS2F4DHXGG5LWUTA.3.xls
native_000%2F3.1210755.LARSKV2GW4DRMYHYYHGIXMY13FRASFBHB.1.xls
native_000%2F3.1210756.IBPGBOZSYB2HMS5M4XEAJKE44AKKKBS2B.1.xls
native_000%2F3.1210756.IBPGBOZSYB2HMS5M4XEAJKE44AKKKBS2B.2.xls
native_000%2F3.1210756.IBPGBOZSYB2HMS5M4XEAJKE44AKKKBS2B.3.xls
native_000%2F3.1210756.IBPGBOZSYB2HMS5M4XEAJKE44AKKKBS2B.4.xls
native_000%2F3.1210758.LCJHIHSE5KRM5V2VGVB3022FI0APSAXJA.1.xls
native_000%2F3.1210758.LCJHIHSE5KRM5V2VGVB3022FI0APSAXJA.2.xls
native_000%2F3.1210758.LCJHIHSE5KRM5V2VGVB3022FI0APSAXJA.3.xls
native_000%2F3.1210760.B2PXAXHPYQLUHEKDPI53XELHW1YM23H5B.1.xls
native_000%2F3.1210763.P0K3ZHQCLQOVBOHSLX0SB5WSSVL050G0B.1.xls
native_000%2F3.1210763.P0K3ZHQCLQOVBOHSLX0SB5WSSVL050G0B.2.xls
native_000%2F3.1210763.P0K3ZHQCLQOVBOHSLX0SB5WSSVL050G0B.3.xls
native_000%2F3.1210765.PZNC3RW1YSVGVG3VJPF2FZ5RAPYH333PA.1.xls
native_000%2F3.1210765.PZNC3RW1YSVGVG3VJPF2FZ5RAPYH333PA.2.xls
native_000%2F3.1210765.PZNC3RW1YSVGVG3VJPF2FZ5RAPYH333PA.3.xls
native_000%2F3.1210766.PVIJWRZGS0V4MC1JPOK4TRTUJAF3PQ5IA.1.xls
native_000%2F3.1210766.PVIJWRZGS0V4MC1JPOK4TRTUJAF3PQ5IA.2.xls
native_000%2F3.1210766.PVIJWRZGS0V4MC1JPOK4TRTUJAF3PQ5IA.3.xls
native_000%2F3.1210768.PQFSMMV0G40WL12TSFMR4HKDH0NMMXVWA.1.xls
native_000%2F3.1210769.LG3DEKHM2TMOUYWSW0EOWLKTVJEASHJUB.1.xls
native_000%2F3.1210769.LG3DEKHM2TMOUYWSW0EOWLKTVJEASHJUB.2.xls
native_000%2F3.1210769.LG3DEKHM2TMOUYWSW0EOWLKTVJEASHJUB.3.xls
native_000%2F3.1210772.L5WPL2TYW5NZ5KHZRU3ZIJ5K35U1P2URA.1.xls
native_000%2F3.1210772.L5WPL2TYW5NZ5KHZRU3ZIJ5K35U1P2URA.2.xls
native_000%2F3.1210772.L5WPL2TYW5NZ5KHZRU3ZIJ5K35U1P2URA.3.xls
native_000%2F3.1210774.ODVNP2CTMUS00QPB53EHUFXSCPWEUF15A.1.xls
native_000%2F3.1210778.CXQVARAXQDAFL3PEQSLT5NMGR4RZSSN4A.1.xls
native_000%2F3.1210778.CXQVARAXQDAFL3PEQSLT5NMGR4RZSSN4A.2.xls
native_000%2F3.1210778.CXQVARAXQDAFL3PEQSLT5NMGR4RZSSN4A.3.xls
native_000%2F3.1210778.CXQVARAXQDAFL3PEQSLT5NMGR4RZSSN4A.4.xls
native_000%2F3.1210778.CXQVARAXQDAFL3PEQSLT5NMGR4RZSSN4A.5.xls
native_000%2F3.1210779.CSXWKXE5WMKOO1TLGRWAIV5C2VVL1NJCB.1.xls
native_000%2F3.1210788.F5PZNOD3YIH4343GCDNCTPSCBFR4JZUGB.1.xls
native_000%2F3.1210788.F5PZNOD3YIH4343GCDNCTPSCBFR4JZUGB.2.xls
native_000%2F3.1210788.F5PZNOD3YIH4343GCDNCTPSCBFR4JZUGB.3.xls
native_000%2F3.1210788.F5PZNOD3YIH4343GCDNCTPSCBFR4JZUGB.4.xls
native_000%2F3.1210788.F5PZNOD3YIH4343GCDNCTPSCBFR4JZUGB.5.xls
native_000%2F3.1210789.DQLR1WEYD32223TRP2VCFH5R0MXHFL1WB.1.xls
native_000%2F3.1210789.DQLR1WEYD32223TRP2VCFH5R0MXHFL1WB.2.xls
native_000%2F3.1210789.DQLR1WEYD32223TRP2VCFH5R0MXHFL1WB.3.xls
native_000%2F3.1210789.DQLR1WEYD32223TRP2VCFH5R0MXHFL1WB.4.xls
native_000%2F3.1210789.DQLR1WEYD32223TRP2VCFH5R0MXHFL1WB.5.xls
native_000%2F3.1210794.E1ETHJYR2BYPEP1US1I4REKESFXJ4UUMB.1.xls
native_000%2F3.1210794.E1ETHJYR2BYPEP1US1I4REKESFXJ4UUMB.2.xls
native_000%2F3.1210794.E1ETHJYR2BYPEP1US1I4REKESFXJ4UUMB.3.xls
native_000%2F3.1210794.E1ETHJYR2BYPEP1US1I4REKESFXJ4UUMB.4.xls
native_000%2F3.1210794.E1ETHJYR2BYPEP1US1I4REKESFXJ4UUMB.5.xls
native_000%2F3.1210795.NQEFQS0J3BZRDDWJ5QA5XOVFW1VKSCQZA.1.xls
native_000%2F3.1210801.HKQ5FRKS1YZXTX4MPP3RIP3NMWJUKSRCA.1.xls
native_000%2F3.1210801.HKQ5FRKS1YZXTX4MPP3RIP3NMWJUKSRCA.2.xls
native_000%2F3.1210801.HKQ5FRKS1YZXTX4MPP3RIP3NMWJUKSRCA.3.xls
native_000%2F3.1210801.HKQ5FRKS1YZXTX4MPP3RIP3NMWJUKSRCA.4.xls
native_000%2F3.1210801.HKQ5FRKS1YZXTX4MPP3RIP3NMWJUKSRCA.5.xls
native_000%2F3.1210802.K52QDOW4WP3CD0ZK0VI1NLER1DZFESGRA.1.xls
native_000%2F3.1210809.A4UTQT2YKVXC0GOHRP4IHVLQE2KGQZLPA.1.xls
native_000%2F3.1210809.A4UTQT2YKVXC0GOHRP4IHVLQE2KGQZLPA.2.xls
native_000%2F3.1210809.A4UTQT2YKVXC0GOHRP4IHVLQE2KGQZLPA.3.xls
native_000%2F3.1210809.A4UTQT2YKVXC0GOHRP4IHVLQE2KGQZLPA.4.xls
native_000%2F3.1210809.A4UTQT2YKVXC0GOHRP4IHVLQE2KGQZLPA.5.xls
native_000%2F3.1210810.FSTBITG1BKHQDPLRQN4CY0STYECD1GSUA.1.xls
native_000%2F3.1210811.HMROB2D1CP0JVOE4BU0DI0FQTY0RINXCB.1.xls
native_000%2F3.1210814.B0QONKLF4S4X0JD1ATYJ023JI0RLPSETB.1.xls
native_000%2F3.1210835.HDZMDBS0KN3WCXMLWM5OJIH4TE3H1JJ3A.1.xls
native_000%2F3.1210845.K23AV2HHCCHWKUJBZDKRAXAF2KS2SLESB.1.xls
native_000%2F3.1210848.LTPRMPDU3F4OFYPRQDGTWV3QOLKVY2JXA.1.xls
native_000%2F3.1210858.B12VOGHSB23KZVVYCJXVDZ5ZVGBYDR4WB.1.xls
native_000%2F3.1210867.F1I4HGCT3FMSOVYY2FPA5OLSMVHVQHZRB.1.xls
native_000%2F3.1210880.LSEGUNE3G40L1X3SH44Q3BTRJITLQZXBB.1.xls
native_000%2F3.1212767.BSCO0ZGZIN2SWOKHZPGH2XAY3HQEDWHPB.1.xls
native_000%2F3.1216012.LK2IT40U455HAPHL4KUTRZZM0HHLQW11B.1.xls
native_000%2F3.1216012.LK2IT40U455HAPHL4KUTRZZM0HHLQW11B.2.xls
native_000%2F3.1216012.LK2IT40U455HAPHL4KUTRZZM0HHLQW11B.3.xls
native_000%2F3.1216012.LK2IT40U455HAPHL4KUTRZZM0HHLQW11B.4.xls
native_000%2F3.1216012.LK2IT40U455HAPHL4KUTRZZM0HHLQW11B.5.xls
native_000%2F3.1216125.JYGGU1N01T3F3DJBPJZJVOLXZDVOYUB2B.1.xls
native_000%2F3.1216125.JYGGU1N01T3F3DJBPJZJVOLXZDVOYUB2B.2.xls
native_000%2F3.1216125.JYGGU1N01T3F3DJBPJZJVOLXZDVOYUB2B.3.xls
native_000%2F3.1216125.JYGGU1N01T3F3DJBPJZJVOLXZDVOYUB2B.4.xls
native_000%2F3.1216125.JYGGU1N01T3F3DJBPJZJVOLXZDVOYUB2B.5.xls
native_000%2F3.1216129.BDNZKKVW0A5FZLPXC4MODP101MNIV2R2B.1.xls
native_000%2F3.1216129.BDNZKKVW0A5FZLPXC4MODP101MNIV2R2B.2.xls
native_000%2F3.1216129.BDNZKKVW0A5FZLPXC4MODP101MNIV2R2B.3.xls
native_000%2F3.1216129.BDNZKKVW0A5FZLPXC4MODP101MNIV2R2B.4.xls
native_000%2F3.1216129.BDNZKKVW0A5FZLPXC4MODP101MNIV2R2B.5.xls
native_000%2F3.1216257.B0ZJPDWVUBX05TCEI5H0ZICR3OFRRQYEA.1.xls
native_000%2F3.1216262.I0ESHEZX5VYWEFEN1HLBQVPOFPHW0L3VA.1.xls
native_000%2F3.1216262.I0ESHEZX5VYWEFEN1HLBQVPOFPHW0L3VA.2.xls
native_000%2F3.1216262.I0ESHEZX5VYWEFEN1HLBQVPOFPHW0L3VA.3.xls
native_000%2F3.1216266.OWUWUBRJD0BES2RRWS1MXQ4XWUMAFVU4A.1.xls
native_000%2F3.1216266.OWUWUBRJD0BES2RRWS1MXQ4XWUMAFVU4A.2.xls
native_000%2F3.1216266.OWUWUBRJD0BES2RRWS1MXQ4XWUMAFVU4A.3.xls
native_000%2F3.1216272.NFAZRTVPHVCKRQ4DP3KZWUH5K4KUB0WRB.1.xls
native_000%2F3.1216272.NFAZRTVPHVCKRQ4DP3KZWUH5K4KUB0WRB.2.xls
native_000%2F3.1216272.NFAZRTVPHVCKRQ4DP3KZWUH5K4KUB0WRB.3.xls
native_000%2F3.1216279.JCDCVBYOCYYZX1CCV25VA1Q1YW1P1CJHB.1.xls
native_000%2F3.1216280.J0JX4CS1GMJKJX5BYU00F0URZ2I1UZ22B.1.xls
native_000%2F3.1216280.J0JX4CS1GMJKJX5BYU00F0URZ2I1UZ22B.2.xls
native_000%2F3.1216280.J0JX4CS1GMJKJX5BYU00F0URZ2I1UZ22B.3.xls
native_000%2F3.1216395.DPIXFAHX1FS3HNCKGOCSPUEXATTM34NHB.1.xls
native_000%2F3.1216395.DPIXFAHX1FS3HNCKGOCSPUEXATTM34NHB.2.xls
native_000%2F3.1216395.DPIXFAHX1FS3HNCKGOCSPUEXATTM34NHB.3.xls
native_000%2F3.1216395.DPIXFAHX1FS3HNCKGOCSPUEXATTM34NHB.4.xls
native_000%2F3.1216395.DPIXFAHX1FS3HNCKGOCSPUEXATTM34NHB.5.xls
native_000%2F3.1216399.EPV5VROFCTZXX5YY0WSYEOGT1LA4H4YEB.1.xls
native_000%2F3.1216399.EPV5VROFCTZXX5YY0WSYEOGT1LA4H4YEB.2.xls
native_000%2F3.1216399.EPV5VROFCTZXX5YY0WSYEOGT1LA4H4YEB.3.xls
native_000%2F3.1216399.EPV5VROFCTZXX5YY0WSYEOGT1LA4H4YEB.4.xls
native_000%2F3.1216399.EPV5VROFCTZXX5YY0WSYEOGT1LA4H4YEB.5.xls
native_000%2F3.1216410.AMOA3TKAASTIUC035VXUHNWBMNWJS3XOB.1.xls
native_000%2F3.1216413.OSWPZSSFO3MP5RSQFM1HBBGOGFO44TOTA.1.xls
native_000%2F3.1216413.OSWPZSSFO3MP5RSQFM1HBBGOGFO44TOTA.2.xls
native_000%2F3.1216413.OSWPZSSFO3MP5RSQFM1HBBGOGFO44TOTA.3.xls
native_000%2F3.1216413.OSWPZSSFO3MP5RSQFM1HBBGOGFO44TOTA.4.xls
native_000%2F3.1216413.OSWPZSSFO3MP5RSQFM1HBBGOGFO44TOTA.5.xls
native_000%2F3.1216523.OGWRM0CJQV0WAR0GJSN4UGW3KSDWAKVUA.2.xls
native_000%2F3.1216714.FQFZNQMTOODCGC4KI4M40LVO1K5I4IV2A.1.xls
native_000%2F3.1216715.HH200GTFF2Q4V4F5BD2JMAQPWOYVWKKQB.1.xls
native_000%2F3.1216715.HH200GTFF2Q4V4F5BD2JMAQPWOYVWKKQB.2.xls
native_000%2F3.1216715.HH200GTFF2Q4V4F5BD2JMAQPWOYVWKKQB.3.xls
native_000%2F3.1216723.MOSXFNLIC3XYHH5T3WZP2LLMXZ3BULUEA.1.xls
native_000%2F3.1216723.MOSXFNLIC3XYHH5T3WZP2LLMXZ3BULUEA.2.xls
native_000%2F3.1216723.MOSXFNLIC3XYHH5T3WZP2LLMXZ3BULUEA.3.xls
native_000%2F3.1216725.IK4JYJH45POMHNY2GBTKOQDGEHIZY0KTA.1.xls
native_000%2F3.1216725.IK4JYJH45POMHNY2GBTKOQDGEHIZY0KTA.2.xls
native_000%2F3.1216725.IK4JYJH45POMHNY2GBTKOQDGEHIZY0KTA.3.xls
native_000%2F3.1216728.PH1GPXLPSI1LA0JXBH3YTU3RH4I3PHFVA.1.xls
native_000%2F3.1216787.LTETATVX3VUXESN4PLQT0JVJB4NRECSPA.1.xls
native_000%2F3.1216795.NMWJHXXBA4DAAZTXK033S5M1JFGDP0DLB.1.xls
native_000%2F3.1216795.NMWJHXXBA4DAAZTXK033S5M1JFGDP0DLB.2.xls
native_000%2F3.1216795.NMWJHXXBA4DAAZTXK033S5M1JFGDP0DLB.3.xls
native_000%2F3.1216797.DTKIGIADHPMO2GWRUBMXBG5Q2BYBMRGPB.1.xls
native_000%2F3.1216797.DTKIGIADHPMO2GWRUBMXBG5Q2BYBMRGPB.2.xls
native_000%2F3.1216797.DTKIGIADHPMO2GWRUBMXBG5Q2BYBMRGPB.3.xls
native_000%2F3.1216801.MQ5XCFAIVV23G3PPI2QHK3RACFYNKLADA.1.xls
native_000%2F3.1216805.KXD5CDUGFVMAJLDB2ADL24ZUPC2PHTWSB.1.xls
native_000%2F3.1216805.KXD5CDUGFVMAJLDB2ADL24ZUPC2PHTWSB.2.xls
native_000%2F3.1216805.KXD5CDUGFVMAJLDB2ADL24ZUPC2PHTWSB.3.xls
native_000%2F3.1216893.PRFSE2MRT2QABXWWIMA33HLTGMQSEKBFA.1.xls
native_000%2F3.1216899.NVLQVLM2FU2QSWSBVW4OMRCNVRMPPFH2A.1.xls
native_000%2F3.1216899.NVLQVLM2FU2QSWSBVW4OMRCNVRMPPFH2A.2.xls
native_000%2F3.1216899.NVLQVLM2FU2QSWSBVW4OMRCNVRMPPFH2A.3.xls
native_000%2F3.1216899.NVLQVLM2FU2QSWSBVW4OMRCNVRMPPFH2A.4.xls
native_000%2F3.1216899.NVLQVLM2FU2QSWSBVW4OMRCNVRMPPFH2A.5.xls
native_000%2F3.1216901.ATDNYH1U1C25UYIEJ0NLMCG21LZZ3LUVB.1.xls
native_000%2F3.1216901.ATDNYH1U1C25UYIEJ0NLMCG21LZZ3LUVB.2.xls
native_000%2F3.1216901.ATDNYH1U1C25UYIEJ0NLMCG21LZZ3LUVB.3.xls
native_000%2F3.1216901.ATDNYH1U1C25UYIEJ0NLMCG21LZZ3LUVB.4.xls
native_000%2F3.1216901.ATDNYH1U1C25UYIEJ0NLMCG21LZZ3LUVB.5.xls
native_000%2F3.1219231.GWGQ5QXXHMXZLAJF3FVL3NFL0MZCHRG4A.1.xls
native_000%2F3.1219231.GWGQ5QXXHMXZLAJF3FVL3NFL0MZCHRG4A.2.xls
native_000%2F3.1219231.GWGQ5QXXHMXZLAJF3FVL3NFL0MZCHRG4A.3.xls
native_000%2F3.1219231.GWGQ5QXXHMXZLAJF3FVL3NFL0MZCHRG4A.4.xls
native_000%2F3.1219257.FRWSH0JIXCEPFAHSPCJYJLNZC0NZKPF3B.1.xls
native_000%2F3.1219272.GAOGCBWM5B4HTSNUIWBOBW2AVJXCL1YPA.1.xls
native_000%2F3.1219272.GAOGCBWM5B4HTSNUIWBOBW2AVJXCL1YPA.2.xls
native_000%2F3.1219272.GAOGCBWM5B4HTSNUIWBOBW2AVJXCL1YPA.3.xls
native_000%2F3.1219272.GAOGCBWM5B4HTSNUIWBOBW2AVJXCL1YPA.4.xls
native_000%2F3.1219275.PNIILTWZLWP1JF4NIJ2UJC45HOEMM3LVA.1.xls
native_000%2F3.1219280.OHHD03VNEKWZUIFGCL00DLUA53CLMRSBB.1.xls
native_000%2F3.1219280.OHHD03VNEKWZUIFGCL00DLUA53CLMRSBB.2.xls
native_000%2F3.1219280.OHHD03VNEKWZUIFGCL00DLUA53CLMRSBB.3.xls
native_000%2F3.1219280.OHHD03VNEKWZUIFGCL00DLUA53CLMRSBB.4.xls
native_000%2F3.1219298.GM005MVHZLASA10DRWPXRN5VHTF5T0JEB.1.xls
native_000%2F3.1219298.GM005MVHZLASA10DRWPXRN5VHTF5T0JEB.2.xls
native_000%2F3.1219298.GM005MVHZLASA10DRWPXRN5VHTF5T0JEB.3.xls
native_000%2F3.1219305.GRGM1PPQM30NDKBMHJICK2BTR0MTU5MIA.1.xls
native_000%2F3.1219305.GRGM1PPQM30NDKBMHJICK2BTR0MTU5MIA.2.xls
native_000%2F3.1219305.GRGM1PPQM30NDKBMHJICK2BTR0MTU5MIA.3.xls
native_000%2F3.1219311.J2ZU1CIL120LMK0FN1PH1I1MYHDGZHF0B.1.xls
native_000%2F3.1219318.LI05PTWBB5HDJOJ5SZJNEXRB1ENRMYKIB.1.xls
native_000%2F3.1219318.LI05PTWBB5HDJOJ5SZJNEXRB1ENRMYKIB.2.xls
native_000%2F3.1219318.LI05PTWBB5HDJOJ5SZJNEXRB1ENRMYKIB.3.xls
native_000%2F3.1219971.C2MBRDMW2ZIL4XAHV1MOEAWYGNDJRKH2A.1.xls
native_000%2F3.1219974.GWRQ5PKPFIF2K2VRWETSLY23NALLHUCGA.1.xls
native_000%2F3.1219974.GWRQ5PKPFIF2K2VRWETSLY23NALLHUCGA.2.xls
native_000%2F3.1219974.GWRQ5PKPFIF2K2VRWETSLY23NALLHUCGA.3.xls
native_000%2F3.1219996.FWMWOEVOF4O1H2YLH3YNTQHOTC20TVI3B.2.xls
native_000%2F3.138951.A1R4WHSKLZTCKM0XO2VH0ST4E5ZXMDYBB.2.xls
native_000%2F3.156769.EWFR5EKDV0G25GGC1TQ0F40BN1PUOOE4A.1.xls
native_000%2F3.157105.IJF5M3BERELMOQJYT405GINVXVRTXYCBA.2.xls
native_000%2F3.157112.AZGDNW1IGVOQGAWHWLL5BSOV40ZO0Q0JA.1.xls
native_000%2F3.17525.KYPJORVOMODYJ13EWWLSIAE05MB3KBOBA.1.xls
native_000%2F3.17526.NPK0JO1J0TW4XXXOR3KBJJJZIX5AZPSYA.1.xls
native_000%2F3.17531.NRJMJNYQUMPOLKFTHPBMORLREJYE1AMBA.1.xls
native_000%2F3.17532.EHL3IMCOXKHCBDOX133H3A1Z4ZZCHHVSA.1.xls
native_000%2F3.17541.J0SGVZCRJM1K1VVLVPOFDSFPEVPD51SOA.1.xls
native_000%2F3.17545.CG1TSAQX0SAV40KMX3DUKIFIMCV24EGYB.1.xls
native_000%2F3.17547.GAW0KSY03AOSP1RLYI2T4ITAZGQRMIJPB.1.xls
native_000%2F3.17550.I3NXVAJ1L1UB4FEAZY0EO5KLBSBPHIZBA.1.xls
native_000%2F3.17551.LKAS5QD4SM1MDP30HNDTZI3GVBKKM4NCA.1.xls
native_000%2F3.17553.F3OGGJHMFZOSAHKIYLXEJW33VYPVSPOQA.1.xls
native_000%2F3.17556.N2NAPAQIVWQYUAWXT0JKWQSUCUJYHPYNB.1.xls
native_000%2F3.17557.LU1LO2ARGEOL30YHRUXRR502GS1N3WLNB.1.xls
native_000%2F3.17558.OH5JZ2NEC0BADDKBTYJYSB4Y55H510YGA.1.xls
native_000%2F3.17558.OH5JZ2NEC0BADDKBTYJYSB4Y55H510YGA.2.xls
native_000%2F3.17559.JS533RZAR3YTDIVDIH0H424TLKM530WVA.1.xls
native_000%2F3.17561.I1IIO23J1EEPJQGUWVHA0O1CGS55HB4QB.1.xls
native_000%2F3.17562.ACQW4OXAYXGRFTEQNTIA1FCGEJPWFN3HA.1.xls
native_000%2F3.17563.ERY0LJDRVEXUIDHHCCCSCMAZKSUGKZJKA.1.xls
native_000%2F3.17564.POIQRIVCBZO40NLENU0Y2REWCWISITSMA.1.xls
native_000%2F3.17565.PWMA1EGAPCHNYPFP04YLEGP2PF4OSEHGA.1.xls
native_000%2F3.17566.AJ4HRUW4LSEE0ZKXMWU1IVXUXSIBMAAGB.1.xls
native_000%2F3.17567.NVDOZPFP1UII52UAU2CG1JXHBI1HAJ4ZB.1.xls
native_000%2F3.17568.ON1XDFBCCZ3MV3O2JHDFRO2LOC3S1YJGB.1.xls
native_000%2F3.17569.IKKCTLQX4QBUFSZU03ERCXCXQXBP2D2JB.1.xls
native_000%2F3.17570.MCICXEZMAFGZZNO2AQSQYSDHJPWBSWPUA.1.xls
native_000%2F3.17571.MHLQXHAGLI1MKJBN4AV1XDLXPMJO11KKB.1.xls
native_000%2F3.17572.MH2OMUIWFOYV1E2RW4Z1J5WIER4C4XZ3B.1.xls
native_000%2F3.17573.FCYUNOWBOGCAS3LV3OTAXDPI45GFM1COA.1.xls
native_000%2F3.17575.BQ2PQE1CYG2GS4GNYYR0QVVLB1WYANJEA.1.xls
native_000%2F3.17577.JNPYJP123UF441QDCWBWQUIHBVUD2OJZB.1.xls
native_000%2F3.17578.KCLFDX1L5QGXZO0QSBMLQVQ0J30O3O3MA.1.xls
native_000%2F3.17581.D3ILZF2V3C52UC3QPMHP5ICL4AU3UBWGB.1.xls
native_000%2F3.17584.DSQIRARRHFCOHIU30YQFGVQFT4Z0FJVUB.1.xls
native_000%2F3.17585.CAJ05U1UWFEZWHTBONDLIW3JLOJFKSZEA.1.xls
native_000%2F3.17586.GEB40SVGWAE30TFBVUAHDL3GL44RN2TTB.1.xls
native_000%2F3.17589.FZOQB0J4A33AVBE2MOE2EMJHI2FWOSBMB.1.xls
native_000%2F3.17593.DSPZTSF5V0R0QP2PL2OUBYHPXE1FWEVGB.1.xls
native_000%2F3.17594.OGP2HR4QI104OPH10JVXST1IR2MTYLPRB.1.xls
native_000%2F3.17595.GWIFOMZN5NXSWW1OEEDPMBDBEAWZJPKXA.1.xls
native_000%2F3.17600.HNOMII23RSMICEGBSAXCOK2A1U1RNV1FA.1.xls
native_000%2F3.17601.APUU2MGMSUVPTTOQLL0WUPJP5GRUTDSKB.1.xls
native_000%2F3.17604.LDSWTX43SCUDFWXCNSVXR134URAI4X03A.1.xls
native_000%2F3.17606.JZPUOX33YOBXK5Z4BEXYNHMRCSPU2EXWA.1.xls
native_000%2F3.17608.PD4XF2VNS3DQDAHECRAM11OSLHJJUKWGB.1.xls
native_000%2F3.17609.JAQYMIGYIUCHOI1MG0OFTSURXGYXCUK3B.1.xls
native_000%2F3.17610.JHDQLRAZRG5OHNBGN5YGIAGS13JZZECMA.1.xls
native_000%2F3.17613.OUS1CUZJHFDYBZJBBDWVU2NHARR5LZQTA.1.xls
native_000%2F3.17615.CVVMNZMVNAUOC3BGLWNXJVGHHWKJLORCB.1.xls
native_000%2F3.17837.HQR4EV4MZYJBBWWECVKINRHPSUFSSPSSB.1.xls
native_000%2F3.17838.EHIEB52AIWM4VRPEHONT5HTO5DMQMBG0A.1.xls
native_000%2F3.17847.EDAGJJ1E3XQ4JNNHTUZXFKG5H0NZGR14B.1.xls
native_000%2F3.17856.NFAWJCO2ZCVT5XFBSWLO4SATBAAGJK0SA.1.xls
native_000%2F3.17864.KKUAQM0JWO01TEU4VCJMWAK2ERDWWPXWA.1.xls
native_000%2F3.17866.BQCMOGTJBUC3NTSYNJJRJMOZCPBDBWFYA.1.xls
native_000%2F3.17889.HG5KRHEPTVBHWPRWHKZR5ES5CEYBWN1WB.1.xls
native_000%2F3.17890.DXHSZUVAMLIXJVJBVRWEB4P2CA4PVL2PA.1.xls
native_000%2F3.17895.M23AGOHOXPE1TUT3LLWGI30ZEWU1BBEIB.1.xls
native_000%2F3.17900.CNIY5IBMZH0D3AE5SMMDU5VATYN4151QA.1.xls
native_000%2F3.17904.JN5E1AXDL4Z1I2ZJ2QHCY1S1YQPGV41DB.1.xls
native_000%2F3.17914.K5LZTGUSGDJJOXZ3NHISYTK1LKK5NYCUA.1.xls
native_000%2F3.17920.H5BDO3AX0BRXY5YC51IOU3XHPYHOBY3TB.1.xls
native_000%2F3.17924.O5X5IU2AQNAZHH4EVHTIILIGUDAA3MRDA.1.xls
native_000%2F3.17925.N4454NUFQISJSK2EKHSZE02E2HFCZQVVB.1.xls
native_000%2F3.17927.P40ET2CZVY45IXN2YO3KWLDJPBA5DNVOA.1.xls
native_000%2F3.17929.D0DODNRERRJPZBN0TAFHRBZ4WDEKMCXPB.1.xls
native_000%2F3.17938.CSEO1PEBNK4XXN4U0Y0X03MW4L2HUQI4B.1.xls
native_000%2F3.17940.ND3YAW5I30DC34ILWC5IDKE2XJK4O4ICB.1.xls
native_000%2F3.17941.C0QSAXX23WYCW5HLTJMDFQP25DAZ2WFYB.1.xls
native_000%2F3.17943.F1VN2VWOPHLUC5Y2NLLG51VQ3TI5NR01B.1.xls
native_000%2F3.17944.H0UGEQ5HWZA0SDF5RN0FKBEXWJFR0EODB.1.xls
native_000%2F3.17945.AKZU3WOOLLPDPD22I0NGOUQJ5GWO1MOLB.1.xls
native_000%2F3.17946.PO0CTFTUE2QVGBPQ2NOVIWQPWGDKVR0GB.1.xls
native_000%2F3.17947.FPPKAKU43RO4QXDKLK0EFIOIOCWOWPE3B.1.xls
native_000%2F3.17948.BPVF02BAZLC3L3URDFXDATEIKODJEOJSA.1.xls
native_000%2F3.17949.K1YTHYXFQ4BMWT4S0SC1LETQZXXD5VUPA.1.xls
native_000%2F3.17951.IZCIEHTMAN0E0HB0D34ZDHTRTYKVIYDKB.1.xls
native_000%2F3.17952.LRDGANZ30HFUGYMBQXKVJLVOHNBGBKZ4B.1.xls
native_000%2F3.17953.PO1P3IVRORRTIY2HELLWNMFMWONLBM2FA.1.xls
native_000%2F3.17955.OS32O4PMFKHFBI3JMCQA4HW1LGXXVBM5B.1.xls
native_000%2F3.17956.FSKHVOFPQ4LDWXRKAGL3BBER44FAP1PKB.1.xls
native_000%2F3.17960.HM4S3HIVCPCVXVXVSHUMA1CLW4QC3Y2HB.1.xls
native_000%2F3.17960.HM4S3HIVCPCVXVXVSHUMA1CLW4QC3Y2HB.2.xls
native_000%2F3.17962.ONDJG5OYIF1DYH02H4FRAILTRY3ZQ1PXA.1.xls
native_000%2F3.17963.CQZKAPQUQLUKWWYPLRJZQWJW3VKFKRK5B.1.xls
native_000%2F3.17982.EXVF0X0JHPHW5APZH53JYGFPFHUOCNC3B.1.xls
native_000%2F3.17985.MBFLTCBKT2WBXCMUGF1CPJ33RV3KE2Y5B.1.xls
native_000%2F3.17986.JOXXEFNQNB51SFGUAS5C1LPUF5EPAJG5B.1.xls
native_000%2F3.17999.BA4X31B0Q4QS5WN4XED42KTACPCWSKSQB.1.xls
native_000%2F3.18000.CINCXR0ZBFPN0G1ZJWJ4RCS0BNXYKTZBA.1.xls
native_000%2F3.18009.FRGVKSJCSICTLXVE3UV3CMNE5YYDR1Y0B.1.xls
native_000%2F3.18018.BPHS40PBY20BHAY1KIO3ZMYBURLUEQEVA.1.xls
native_000%2F3.18022.FYQZUWNJVQL1QYMVODN4LYHEC4IDZNH5B.1.xls
native_000%2F3.18035.KDCNY0X1KE25STQCTKDKGG3VN1PAA1SWA.1.xls
native_000%2F3.18045.LDQ344MB5O1FNJK0YH5VEBHUVLQVR0INA.1.xls
native_000%2F3.18046.OJJHKGF3LU1ZR5MRKLIV4WJ0TP3UAH3NB.1.xls
native_000%2F3.18326.IX5HQB4NGPLC4KTC0QRG2AAA1GOTNETFA.1.xls
native_000%2F3.18329.DSDEE1QELR24ETQI1XW2LIPQVCUB21GYB.1.xls
native_000%2F3.18332.B2RPRGKMKTOSAYGLIRAKUPGADKWLV4AAA.1.xls
native_000%2F3.18336.NQAMFRGLQOGE0N4ULWTZHPGTZZCPYXVUA.1.xls
native_000%2F3.18338.DN3OJTPONDO5W0CB2AWJOFKUSJE12QIAA.1.xls
native_000%2F3.18352.ILGHHIFOBV51ZK5DIGB0JEZ3CAIJNANHB.1.xls
native_000%2F3.18357.FNQL3EFD42IV3EWPYJ5XG42XSRV1RKU2A.1.xls
native_000%2F3.18366.CQJTBWS3LC0NVJGYB43YO4VGIGAQATT4B.1.xls
native_000%2F3.18368.GSDQVNQPHTMRSQTZFBGJIALWWA3EJBD4A.1.xls
native_000%2F3.18390.C2XYMTR3VEOW2RVX4MJEQOU5AMNESAJ5A.1.xls
native_000%2F3.18391.HA3TW4B1RWUQX1ZTLEUAET0RCS1IOCAIB.1.xls
native_000%2F3.18392.ONKC5XKMMUMH2ITAFANCONAGLF14JEL4B.1.xls
native_000%2F3.18402.FFA5RDJ3H3ILRYIIQ4OIQGU2BA2NZRR0B.1.xls
native_000%2F3.18406.ECBMRGILL4GT5GIOFM1VBSMMC5CB2NKNB.1.xls
native_000%2F3.18415.N2LY0LMMHNAQCOAXQS3F1OUKZTQINS1HB.1.xls
native_000%2F3.18417.DREMLUOVZJYVVMFLHSYYGHMHLWHCIXZXB.1.xls
native_000%2F3.18423.JP0YFEPNS2ACRNEL330HFIQQSJLCYVDNB.1.xls
native_000%2F3.18424.FR3ZVAJDQCFBU1TMHBGJMDXGU3Q52UDKB.1.xls
native_000%2F3.18425.ILMUZB4KYFETF5SASXGFLN5CU0IIDHJRA.1.xls
native_000%2F3.18429.ICX2QZLURSQVSZ0P1QBUZAQUPCQKRAWPB.1.xls
native_000%2F3.18436.MGE2GUHYSOOHLBBVALSRJLMUCEZRIEFRB.1.xls
native_000%2F3.18438.CE04TPVFOGGXW2YS34NZ3QETPTL5M55GA.1.xls
native_000%2F3.18440.CCRD3JIMLMYZUNV4ZN1PHEFDJHN1Y3A4A.1.xls
native_000%2F3.18442.HQCLVXDMVZDEXVBQE1O241DFNGDG33LRA.1.xls
native_000%2F3.18443.HSOTEDSPYHQRRSFPNEC1J5P1JOLN3Y14A.1.xls
native_000%2F3.18445.JZC0OTVUI4VVLW2AMS2OGT0HX2YGMATEA.1.xls
native_000%2F3.18446.IPCODZS1VF01OCMWFRSQ5JZXGQTH3SHWB.1.xls
native_000%2F3.18448.CY1G0UESQ3BWTMBJSVS2TR5X1MPQ23D0B.1.xls
native_000%2F3.18449.IVQGAWCNU0LLXT1YUHIGXSZEMO2SMC5RB.1.xls
native_000%2F3.18450.FQ0M3XCWV5EFLCUCMMEMWZKUYBNBSLU4B.1.xls
native_000%2F3.18451.K53ORSYQNKT4MON2TT4104XG5URJ35PWA.1.xls
native_000%2F3.18453.D5HZC04JOFKUZX5QWTP5RBXFVDLU3SC4A.1.xls
native_000%2F3.18454.NSLYLCF2NO3YIEN4GU0GNCGFCDVEYH3GA.1.xls
native_000%2F3.18455.IYIF2ST5TVR5ECTZZVWAURVL2SJ4ODXRA.1.xls
native_000%2F3.18457.PLY12BWH1RLBPWWHO0EYLDMY0SOJRHN4B.1.xls
native_000%2F3.18459.IJZII24W2TTLXX1QQZNOE4UQ3ROWQ303A.1.xls
native_000%2F3.18459.IJZII24W2TTLXX1QQZNOE4UQ3ROWQ303A.2.xls
native_000%2F3.18463.G2C45MLPQBBJKBZKIP1AX5IEOO33XTPCB.1.xls
native_000%2F3.18465.AWEMDZBIKSVUQXQE3DDNRAUJRXHMONJRA.1.xls
native_000%2F3.18483.FK0ARDXCCQBD53ORYPZRMROHFACVPBXYA.1.xls
native_000%2F3.18485.ANZ2SVPDPOF521TB20HOVQ4QGOXWCE54B.1.xls
native_000%2F3.18488.BNZ1ZJICDT0WOZT1NQY1ZMSBFXQVKP34B.1.xls
native_000%2F3.18500.JBDGBCZO1PEYKPNJP0QLIZMONU5B2CMTA.1.xls
native_000%2F3.18503.HN0FYH2Z03NXKKWHSAEPV4ZGY03HTTX1A.1.xls
native_000%2F3.18512.GIVI04ATYLYXNTNVASDL5EILLE0AUVKBB.1.xls
native_000%2F3.18521.OP2X1U4LMBL0YDS0K2RMOFI4UPWM44ORB.1.xls
native_000%2F3.18522.CNDLSRXVREO2MQOFAIAQO4EBV3BJKPP2B.1.xls
native_000%2F3.18533.F4WZSLLFNVLGBWGS1B4DNJUGBE0OJQ0OA.1.xls
native_000%2F3.18544.P3OPCQSVL5XBW4MTBVBVJWG4MLMEW3QGA.1.xls
native_000%2F3.18546.KNT4G22IBWLVQ3AZ3ZQNSTWSCHWANKJUB.1.xls
native_000%2F3.18603.LCNUMKOISV5E1R3CFDY2E0X1GRBQL0TUB.1.xls
native_000%2F3.18605.L4G0DPGEGG20CWZ4AYKF4W2MO2HLHG2MA.1.xls
native_000%2F3.18612.HUV1IKW3XYLP5LVTFB01VRIFXQOSRGYVA.1.xls
native_000%2F3.18615.CMB2155HSYQNXHINB3SN2YDV0POXLKYEA.1.xls
native_000%2F3.18616.KGFVTQ4OCEGQOKOREXYLAU0ONFGAC4ULA.1.xls
native_000%2F3.18628.IJWIPVR55B1G4LMUKHKGIP25GCKDNOPKA.1.xls
native_000%2F3.18630.PYKNYQGTVVZDLRPHGXYXE5H3EA3LRCPEA.1.xls
native_000%2F3.18640.GV3QEPPPUU4SJ55PDGEBNKYI4GNHHV5VB.1.xls
native_000%2F3.18643.AEH5MESEKG4UYFHHY5JLCDSQN5VG5HO0B.1.xls
native_000%2F3.18667.FHAYYPJPGJNAL2QXBN0QAIDJNACVSDYNB.1.xls
native_000%2F3.18668.MJOKCXXBL1A5ADXZO13XRISBRLNM4KNDB.1.xls
native_000%2F3.18669.BDSHYXZZLLQHXM0WXO0UEC5SOOJGFHA2B.1.xls
native_000%2F3.18676.JP40QBRERXAHVGANYYLYFGTKMQ5E1FNVA.1.xls
native_000%2F3.18680.EVSUNTM0YIL0LPRHNTJVA4UUHTHDGOP4B.1.xls
native_000%2F3.18690.NDVMOTFLQQXP0G2QALSQX1RATS34DUX1A.1.xls
native_000%2F3.18694.O1UB1C0I3QP554WBQKRQYC1VIUQEJPHEA.1.xls
native_000%2F3.18702.O2VDY21JNHWXGVLK3Q12JH4F2FJ51NGMB.1.xls
native_000%2F3.18704.PSFB1U3ZOOOVMKIFS1WZDWH0FQ1EK2TTB.1.xls
native_000%2F3.18705.JDYX1C5FHD4JBBLXKY2DNJBRUKKLXGMWB.1.xls
native_000%2F3.18708.C2A3CCCYNK44H4KXHJ0OHV4YBPCTARWNB.1.xls
native_000%2F3.18715.JVBHV4KPARPIVOVQCL00H4BUNBSMWPGTB.1.xls
native_000%2F3.18716.NY33CJI5GMLYEUYMM1HM3E0K3CQFUMOSA.1.xls
native_000%2F3.18718.EB2Y231HUZJXGSFAUJYDX4DWHWPHKSKOB.1.xls
native_000%2F3.18720.IAYXXL1TAAJ4QRRI3FDTQUY0VKN403TKA.1.xls
native_000%2F3.18722.E5PSV2RTZM5YZSXFL2CIM4UCM2NUALCOA.1.xls
native_000%2F3.18723.P1JEPEWXLPH0HJGZNNBLPKYKTLTLXAQUB.1.xls
native_000%2F3.18724.MV020JO02Z2VGZSJ3Z1YI3VP2CMUPVH4A.1.xls
native_000%2F3.18725.GB3ASEUDCX4HOBUOTLLLMIEPCMHAA1MYA.1.xls
native_000%2F3.18726.CIHRS0LKCBN4L0LA4TJSFX3OJVDENQHIB.1.xls
native_000%2F3.18728.PKZC4NITTAXQ5SNYTOHXYFDNQIR40Y3WB.1.xls
native_000%2F3.18729.NEMEDCRRMJFUVHTNLHF5CZEQKYVFOZOQB.1.xls
native_000%2F3.18730.I3W1L4K3W2RKOTAMYKQDSSOUI512ZOZ5A.1.xls
native_000%2F3.18732.ODCW4L0LNPSSMPJVHOTZ4I1MNKRTMXBMA.1.xls
native_000%2F3.18733.E3MNIPOHYCZIWLH0FI32OGWQ3N4LGUVYB.1.xls
native_000%2F3.18736.BH0INDI2I0LWBE4QEFOFXSRI5IQR2KNKA.1.xls
native_000%2F3.18738.EVIUI2K1BJJTYYGSG22ARTMDV1SAXXCPA.1.xls
native_000%2F3.18738.EVIUI2K1BJJTYYGSG22ARTMDV1SAXXCPA.2.xls
native_000%2F3.18741.E0TITCD0VHU1K01WYOEPIWRPIBAR4I5JA.1.xls
native_000%2F3.18743.EYMLRAAXGZK5AIIT100SUXNTGJIWCAQGA.1.xls
native_000%2F3.18759.APIMWKKEVTJBDWYBVTJHLVCFFL1ATVAHA.1.xls
native_000%2F3.18760.K4SANOE5VL3PSBHFNXT5XB35LFKF31DBB.1.xls
native_000%2F3.18763.E2EFODDCFRTBOTMCPLICMJ55IWMO1OBNA.1.xls
native_000%2F3.18777.ESUQPH1MV5DOWYH3NCYW2A11V1V1ZYKKB.1.xls
native_000%2F3.18778.FXDIP2HVCLLIKZIARXKBSM12YIZ2WNTUB.1.xls
native_000%2F3.18789.JHGV2ZRWZ15N2OF5WUNPRAKHWYW41J2EA.1.xls
native_000%2F3.18798.OQHO0ERX1YXPJQN0ALOGR13S4E11XCMUB.1.xls
native_000%2F3.18801.EN0FJPYCTHIGQMECRANCLYKAZJMLSR0QA.1.xls
native_000%2F3.18812.DAXVEWTHIAWOTEFZHWASQKPGYGEEZHFJB.1.xls
native_000%2F3.18822.BKZKGDMGZB53T4MC0M13HLMMIIIBQZYVA.1.xls
native_000%2F3.18824.GAWN0BYTOMVTA5534TG05J4HM0TLHN3MA.1.xls
native_000%2F3.190292.CCWNG5U1AK55V5Q0CKM1Z01UKBRLNRMWA.3.xls
native_000%2F3.19474.HGMA401XRYGQGXGAKTK5Z54VJX3PC5TLA.1.xls
native_000%2F3.19479.IKPZJHRJ24G3I50EORQJ4UOMVZ43X2VJB.1.xls
native_000%2F3.19481.ARXC0U0PAVEWF0IQSNFUUTCCEAVT0OLPA.1.xls
native_000%2F3.195257.JYJGQQ5V3BA2LK2VPLHQSZQNJQ3ZXJ3OA.2.xls
native_000%2F3.195349.GMHIQR0KQ0SBG24UVVD0USP024UI1C5PB.1.xls
native_000%2F3.195350.M5OXKHY5O2Z1RR1BBSZJJ1LKJI0R3UV4A.1.xls
native_000%2F3.195357.ILLHSNITQCPIG0Y2DEMOXRXA15BEAPSOA.1.xls
native_000%2F3.195360.E44WNR0KPMKRSRVJNBWJXDX1O12L5ASDB.2.xls
native_000%2F3.195362.A1DL3BORJMAXPZQNTQAY32HLKZMFJM2LA.1.xls
native_000%2F3.195366.ETSBTTL55AVX4JC5SBR22SFLM3VU0QKPB.1.xls
native_000%2F3.195369.DSWUCYWTVM3YMCYF0YAJE4POLEGBDMGWA.2.xls
native_000%2F3.195374.MIY2LU0EB0KE1KSWX4ID1VIMX2ISZMCTA.1.xls
native_000%2F3.195374.MIY2LU0EB0KE1KSWX4ID1VIMX2ISZMCTA.2.xls
native_000%2F3.195376.EJSWRJTT0Y3TOWLG1BL5XRVQ5ZVXWIRNB.1.xls
native_000%2F3.195378.CQPUS3I4GZSXKZISD0OJKS31VQWSXHHJB.2.xls
native_000%2F3.195381.ORAXATDIX5EMAA5IKSYIRK5QWMEH5M2TB.1.xls
native_000%2F3.195381.ORAXATDIX5EMAA5IKSYIRK5QWMEH5M2TB.2.xls
native_000%2F3.195385.OV2EENP5GYULUH04Q4DOGEFE2TI0TPZTA.1.xls
native_000%2F3.195386.OEZFPNF501K3NBRS5T1BBPAUKOSQOFZXB.1.xls
native_000%2F3.195393.L4DUB1KRSPIKL15UBLQ2I3L2KPP5PXJEB.1.xls
native_000%2F3.195393.L4DUB1KRSPIKL15UBLQ2I3L2KPP5PXJEB.2.xls
native_000%2F3.195393.L4DUB1KRSPIKL15UBLQ2I3L2KPP5PXJEB.3.xls
native_000%2F3.195394.IA1WXUZIQ0I4WQGWOF0E3PV43X5SE3MCB.1.xls
native_000%2F3.195395.FGSKQ1PEDRVGEHV3JKUN5FDM05L1M5LWB.1.xls
native_000%2F3.195395.FGSKQ1PEDRVGEHV3JKUN5FDM05L1M5LWB.2.xls
native_000%2F3.195401.ECBNFFZQHGQCUUHSQX54R0VQLP5U0E0RA.1.xls
native_000%2F3.195405.IQEIJDGHGSQNH5RS5RFNJH3EAFR40LOCB.1.xls
native_000%2F3.195407.OZ0JCTHCZEA5W5WZEOVYSQC0QOPIDLEDA.1.xls
native_000%2F3.195414.AQZSJPA5HXDLNAO33D3DS3OT23GHUU1RA.1.xls
native_000%2F3.195414.AQZSJPA5HXDLNAO33D3DS3OT23GHUU1RA.2.xls
native_000%2F3.195468.ICKLE5S41TPBJBBAHHUD3NJ03CWFIRYVB.1.xls
native_000%2F3.195472.ITDK0SGRGIVIE2OAB1SWKF5QG0123K5DB.1.xls
native_000%2F3.195480.CLYL24KRCVOYF4IHCV2XQESOCH3GJDUJA.2.xls
native_000%2F3.195713.MERKSGETIKYUICCJ24R5HAD3KN2JVKMLB.1.xls
native_000%2F3.195854.ITWRV2RAKP22U33VL0ZCBKFTUML21O2BB.1.xls
native_000%2F3.195856.ILQ2ZWWMMOJYZC0WBWKDE34GKVBZBUWPB.1.xls
native_000%2F3.195866.HG3VXW2GJSQC1D5DHFVYPA2BDT4JMI51A.2.xls
native_000%2F3.195870.APVHJJEKUM0REI5WCT4D2OFGAWLWSU4WB.1.xls
native_000%2F3.195873.JX1LLCJ0XDUGSR3WRPQMUK2BOGAN0AFRA.1.xls
native_000%2F3.195875.FTHLN4ORU0O0PRYQULISDHFQHFBNMK4IA.1.xls
native_000%2F3.195876.MEAGDICLI1AK4GNS24CDKA5WLUFKB3BJB.2.xls
native_000%2F3.195878.A1YSDIT02KVTXJPVYO1XKSMXTTHDXWVNA.1.xls
native_000%2F3.195879.FZPU3FENYFPZB4EZEEYS0HF2HZH2LOJVB.1.xls
native_000%2F3.195881.H24J4MJ0OGQSJBHJREWWGIITAH5ACGUGB.1.xls
native_000%2F3.195881.H24J4MJ0OGQSJBHJREWWGIITAH5ACGUGB.2.xls
native_000%2F3.195881.H24J4MJ0OGQSJBHJREWWGIITAH5ACGUGB.3.xls
native_000%2F3.195881.H24J4MJ0OGQSJBHJREWWGIITAH5ACGUGB.4.xls
native_000%2F3.195886.I0IRSN0LYFMPTC34GGCLK0H13GGN1DVVB.2.xls
native_000%2F3.195887.J1IJGHJZT13TYI4DRMNABBH5YHXNQF01B.2.xls
native_000%2F3.195891.PBE4YKDFRZASV3DHWUT5BKDDBV10BS5XA.1.xls
native_000%2F3.195899.HNN2BOURFIUTMRU4FFMWRHTSYMCE2TSQB.2.xls
native_000%2F3.195907.GC1YLUTYOGLN23OD2J4S2R4XAIRCOC1HA.1.xls
native_000%2F3.195907.GC1YLUTYOGLN23OD2J4S2R4XAIRCOC1HA.2.xls
native_000%2F3.195912.CSNYDZWPB341SYWUCCU52YAHFR1B1DEFB.2.xls
native_000%2F3.195919.DIZ5KNTY4ORFBES220GCX2WNM4JNSZUOA.1.xls
native_000%2F3.195919.DIZ5KNTY4ORFBES220GCX2WNM4JNSZUOA.2.xls
native_000%2F3.196036.MUKYTXFFLQ5CUBOCPO4S3UNNAG2IYILHB.2.xls
native_000%2F3.196038.JDLQUHMOTZPZ05IZLENK0NUVWRRS3JQNA.1.xls
native_000%2F3.196041.B0MZQ2QG1XFJV0CWN12XSK2LMC0RX0DVA.1.xls
native_000%2F3.196042.NPOPT5Y2Y2XXHRK35LJB120ZJAQ0V25LA.1.xls
native_000%2F3.196047.PDDCJ3RHIXFFKFCNPILIPIHELQIO2KLFA.1.xls
native_000%2F3.196050.IEYVGOIOFR0MPXVC122WLMSWB3O4MAWEB.2.xls
native_000%2F3.196056.FI0PSZNV1MIQFJPI5P1YCWYNZ52DXYE2B.1.xls
native_000%2F3.196057.OV0XU2BYGU1JCDWI5WJE2GL2KAXUSSKAA.2.xls
native_000%2F3.196062.AQJDHQS3EYV3JYEOYNYSI54EB1JC0PLMB.1.xls
native_000%2F3.196064.FLORWZCNKAYCP222P3EUDSJNOZ42DCKWA.1.xls
native_000%2F3.196089.L0EU2AQ1IFFDCFZSVN1IPNU1TA5M2THSB.3.xls
native_000%2F3.196095.PVD3DW2U1E3FBVKO2RW5BE0CYNRIC4RJA.1.xls
native_000%2F3.196104.BOA5QUQ1GFHS0Z11GCKTVURM00OL05YKA.2.xls
native_000%2F3.196107.B0IOVDPKDEQLD5UC1EEUZTVR3UGQPIMEB.1.xls
native_000%2F3.196168.PBKWBK45GF2DH5DA401TE32BWRUHAGTDA.1.xls
native_000%2F3.196170.I1VUA05GTR2DI3OIK0YFHVITE4C1DCKLB.1.xls
native_000%2F3.196170.I1VUA05GTR2DI3OIK0YFHVITE4C1DCKLB.2.xls
native_000%2F3.196175.FJV0XQ5SMHPJ3ZDPFZESPEBHCRVKMVQFA.1.xls
native_000%2F3.196192.H1NHHCRNYAGTQPEEK2ZQEEC0MMO4EII0B.1.xls
native_000%2F3.196197.MTXCXHOATJB4CIYJCBYUTP0OKPNDGILPB.1.xls
native_000%2F3.196197.MTXCXHOATJB4CIYJCBYUTP0OKPNDGILPB.2.xls
native_000%2F3.196197.MTXCXHOATJB4CIYJCBYUTP0OKPNDGILPB.3.xls
native_000%2F3.196211.DFUK5G3COLPXVJJJEPQWZNSK5IGKDMVTB.1.xls
native_000%2F3.196219.KCRFDBE1DO12IWDVP2NYBR0IYGSE2WHSB.1.xls
native_000%2F3.196221.K0B3PCXGM1CTBPLFAF4SUIU4MA0MPZTGB.1.xls
native_000%2F3.196221.K0B3PCXGM1CTBPLFAF4SUIU4MA0MPZTGB.2.xls
native_000%2F3.196225.HHCNCLT42TOZHHQMUHI2QCJ4WKOXLLM1B.1.xls
native_000%2F3.196231.GTIAGJ1TZJ5PJAP1FTVYNWWCDIWP0JVNA.1.xls
native_000%2F3.196233.NVYFGKTRLR1TRBH1Z4U5WUGOH0O4CJPDB.1.xls
native_000%2F3.196241.EKTYCGH14C2LRAUCU5J5J3XVSGU3ROTFB.2.xls
native_000%2F3.196244.KZ4ZRTITF20IZT2BIBV55VE233HIUWJLA.1.xls
native_000%2F3.196245.IUXH1Q2GMHWUNGRDMABZCNJEYAB3FE5WA.1.xls
native_000%2F3.196245.IUXH1Q2GMHWUNGRDMABZCNJEYAB3FE5WA.2.xls
native_000%2F3.196249.HGRHS1LLMLYNUENGVSSFA3OMZZLZIUFPA.2.xls
native_000%2F3.196256.KR1YD0Y1Q2XVSSFAWZWOIIL53UTR31XKB.1.xls
native_000%2F3.196258.CVTQ1NJMNVOTAUI222WE0DKZRF4YY0PUA.1.xls
native_000%2F3.196260.HBPGZXFPJTZJOEYGOZGB1T2HQDQTS2UWA.1.xls
native_000%2F3.196486.OSSZIQ3ZVJVTLNS4ACHZQPUCLQTQHHBCB.2.xls
native_000%2F3.196488.JKKLZW03DNIBGYBB1PWOHYJSAQDZNBKLB.1.xls
native_000%2F3.196488.JKKLZW03DNIBGYBB1PWOHYJSAQDZNBKLB.2.xls
native_000%2F3.196488.JKKLZW03DNIBGYBB1PWOHYJSAQDZNBKLB.3.xls
native_000%2F3.196488.JKKLZW03DNIBGYBB1PWOHYJSAQDZNBKLB.4.xls
native_000%2F3.196488.JKKLZW03DNIBGYBB1PWOHYJSAQDZNBKLB.5.xls
native_000%2F3.196502.LWSBC1LT2JE4U2VKY3RVPHEZMOQXDUQTA.1.xls
native_000%2F3.196502.LWSBC1LT2JE4U2VKY3RVPHEZMOQXDUQTA.2.xls
native_000%2F3.196502.LWSBC1LT2JE4U2VKY3RVPHEZMOQXDUQTA.3.xls
native_000%2F3.196502.LWSBC1LT2JE4U2VKY3RVPHEZMOQXDUQTA.4.xls
native_000%2F3.196502.LWSBC1LT2JE4U2VKY3RVPHEZMOQXDUQTA.5.xls
native_000%2F3.196504.NMWUCELT1D0UMLOQV40NBIMJSSWTFT51A.1.xls
native_000%2F3.196510.GCIWS305VNN2WPQS2J4ZAVPCZWLMRQIOB.1.xls
native_000%2F3.196510.GCIWS305VNN2WPQS2J4ZAVPCZWLMRQIOB.2.xls
native_000%2F3.196511.IUVYLL5IAOHT2TTHNM23M24J4WHJSY4CB.1.xls
native_000%2F3.196511.IUVYLL5IAOHT2TTHNM23M24J4WHJSY4CB.2.xls
native_000%2F3.196511.IUVYLL5IAOHT2TTHNM23M24J4WHJSY4CB.3.xls
native_000%2F3.196511.IUVYLL5IAOHT2TTHNM23M24J4WHJSY4CB.4.xls
native_000%2F3.196511.IUVYLL5IAOHT2TTHNM23M24J4WHJSY4CB.5.xls
native_000%2F3.196523.KOLU5L5OOQNBWEMWCRUKAHSFWAT44OESB.1.xls
native_000%2F3.196525.DNMWFFX13Y5GOHQ141AH5T343GFZQZLYA.2.xls
native_000%2F3.196529.GUQHD133DVRZO4ITMJVDTYAL0B5CVCVHA.1.xls
native_000%2F3.196529.GUQHD133DVRZO4ITMJVDTYAL0B5CVCVHA.2.xls
native_000%2F3.196529.GUQHD133DVRZO4ITMJVDTYAL0B5CVCVHA.3.xls
native_000%2F3.196529.GUQHD133DVRZO4ITMJVDTYAL0B5CVCVHA.4.xls
native_000%2F3.196529.GUQHD133DVRZO4ITMJVDTYAL0B5CVCVHA.5.xls
native_000%2F3.196533.HJ5AIJ40GLKJZ12YNDXMF20FJRGLCDD2A.2.xls
native_000%2F3.196534.AUVKUXSM5ASBTOG2M1VSL4S3U1JUMYKPA.1.xls
native_000%2F3.196534.AUVKUXSM5ASBTOG2M1VSL4S3U1JUMYKPA.2.xls
native_000%2F3.196537.IZCHRMR2U4BUMJZUY3YGW11AFGOWO2PLA.1.xls
native_000%2F3.196541.BG3X1OJS02QHILFNYDKCAD3YHHDGVSUGA.1.xls
native_000%2F3.196541.BG3X1OJS02QHILFNYDKCAD3YHHDGVSUGA.2.xls
native_000%2F3.196597.DQRRKC5ACREV1ZH0GN342OAW2PRWKJ3SA.1.xls
native_000%2F3.196599.HCR1FKSYOAOKB5GZOEMISLYVLP0P2IFVB.1.xls
native_000%2F3.196599.HCR1FKSYOAOKB5GZOEMISLYVLP0P2IFVB.2.xls
native_000%2F3.196756.ETRRZQVAEGGLUWPDOA2IMG341AH3GP4JB.1.xls
native_000%2F3.196763.LE4CZM3SO4EUFISQAM4HX401W3MO21QZA.1.xls
native_000%2F3.196764.BCPJTJJL2NJDDXMDJLR5WQZSBQFVYB2LA.2.xls
native_000%2F3.196766.NDPTAEWCK42FSAYXXHX0V5H00SOVWRIIA.1.xls
native_000%2F3.196766.NDPTAEWCK42FSAYXXHX0V5H00SOVWRIIA.2.xls
native_000%2F3.196766.NDPTAEWCK42FSAYXXHX0V5H00SOVWRIIA.3.xls
native_000%2F3.196798.B3KS1GWC5AJD3LW5JUIEHRXEKKZNXE1RB.1.xls
native_000%2F3.196800.OUGIJOZQ2N42I3VO5WYSEED0GXTKYFMQA.1.xls
native_000%2F3.196801.DNUD3F5YU4OERTSCKA3UGDCVYYP3ZHQFB.1.xls
native_000%2F3.196802.NVKZKFNDKH5TNYTU0QTZT2JCGN1XC0AAA.1.xls
native_000%2F3.197234.CFW0JYP1ZC2HDHU1LIR3PQ1MR55MSVQZA.1.xls
native_000%2F3.197236.HPPLOQIUHHDIHRYGINGQ2N3T3B3EAWMMB.1.xls
native_000%2F3.197236.HPPLOQIUHHDIHRYGINGQ2N3T3B3EAWMMB.2.xls
native_000%2F3.197236.HPPLOQIUHHDIHRYGINGQ2N3T3B3EAWMMB.3.xls
native_000%2F3.197236.HPPLOQIUHHDIHRYGINGQ2N3T3B3EAWMMB.4.xls
native_000%2F3.197236.HPPLOQIUHHDIHRYGINGQ2N3T3B3EAWMMB.5.xls
native_000%2F3.197239.ECCTDLAOA4BA5BIOSLME2BMEUGIEGK2PB.2.xls
native_000%2F3.197240.EQEILLOPFLUAXTNSLLREBMQ2MJ2TMLP3A.1.xls
native_000%2F3.197242.MLKBRQIXRYHE10WORBLKK00NSE55WFXNA.2.xls
native_000%2F3.197243.DTNNPVYQAENWBC3WU5I1PEL3IFXZTZJWB.1.xls
native_000%2F3.197244.F3KQCWRZTBN25LGSFJGOSWGHIZDBNHPGA.1.xls
native_000%2F3.197250.DOC5V5QMLABGD0PV1AZBPYTVGTM2ILJIB.1.xls
native_000%2F3.197254.NMYJLVXGID2WF3DAL5N1F3JOTBKHBIONB.1.xls
native_000%2F3.197260.IIRS5WHMD4UPHTB2FOYYVAHCPKIJAZMYA.2.xls
native_000%2F3.197263.NTYG21FUQBE2CZ0EM02SI0AULEHUBARSB.1.xls
native_000%2F3.197267.EYYMIUN4L20GT3SQGOXF3T1OE1AJKSE4B.1.xls
native_000%2F3.197268.CP00F2GV2QPFPMOZMFH0DEJU2DY4ZMVQA.1.xls
native_000%2F3.197271.DISXR3FI0NIZBQLHTUMHGZUZLKEI1XEJB.1.xls
native_000%2F3.197273.BFSAX1Z3V0AMU400WXJOMQOQ3F3G4VCXB.1.xls
native_000%2F3.197273.BFSAX1Z3V0AMU400WXJOMQOQ3F3G4VCXB.2.xls
native_000%2F3.197273.BFSAX1Z3V0AMU400WXJOMQOQ3F3G4VCXB.3.xls
native_000%2F3.197276.ATQRXIB4ABN2SOYX04NWQEZEE5LNKXAJA.2.xls
native_000%2F3.197278.ASBBFG25224HRVNIAVCR1LBENNIPYJDRB.1.xls
native_000%2F3.197278.ASBBFG25224HRVNIAVCR1LBENNIPYJDRB.2.xls
native_000%2F3.197279.JZMYR1WJCFFLAT1VGBRUGHMYIPKE0PYPA.1.xls
native_000%2F3.197279.JZMYR1WJCFFLAT1VGBRUGHMYIPKE0PYPA.2.xls
native_000%2F3.197283.N2P5WUJT3FHMWUVQC33ZCBDOWEYWQBMUA.1.xls
native_000%2F3.197284.ILOERKLX2YESGQDINJJCQDOTUFHOUJMNA.1.xls
native_000%2F3.197301.HUACG124NSYHFUR33S5GXKIEIN45HMMGA.2.xls
native_000%2F3.197304.DTXEZ1FZXSRUNCNEWFSFE1Q4SP5OALI5A.1.xls
native_000%2F3.197317.I5LDUHMJJMZN0IDSWBZNDN2CAAEELVJKA.1.xls
native_000%2F3.197340.J11QZ3ULY2XYTCLMDR0GXXIP5VAPUHJAA.1.xls
native_000%2F3.197340.J11QZ3ULY2XYTCLMDR0GXXIP5VAPUHJAA.2.xls
native_000%2F3.197345.I001JT3XAL24R3CPC3KLV1RP250HP0XHB.1.xls
native_000%2F3.197345.I001JT3XAL24R3CPC3KLV1RP250HP0XHB.2.xls
native_000%2F3.197370.LMPT2X55SMNNBZVDRQJJJTFPY5FXZ2JGA.1.xls
native_000%2F3.197370.LMPT2X55SMNNBZVDRQJJJTFPY5FXZ2JGA.2.xls
native_000%2F3.197374.MVFLKCDALDQO0GSG1TTYRQBD5JGWG5OUA.1.xls
native_000%2F3.197378.OEJM32KB0VGQ4OYMBEKHCVGJ43YEL0URB.1.xls
native_000%2F3.197380.AE5VOHPJDGRXP5ESR4L4WJ2MLD4TS33OB.1.xls
native_000%2F3.19742.GUFAXBCH4O04REO5O43CEWLYGC0AQCQ4A.2.xls
native_000%2F3.197468.LON35P53NDBWYXY1OHBRRUFA5NQRTKGRA.1.xls
native_000%2F3.197468.LON35P53NDBWYXY1OHBRRUFA5NQRTKGRA.2.xls
native_000%2F3.197468.LON35P53NDBWYXY1OHBRRUFA5NQRTKGRA.3.xls
native_000%2F3.197468.LON35P53NDBWYXY1OHBRRUFA5NQRTKGRA.4.xls
native_000%2F3.197468.LON35P53NDBWYXY1OHBRRUFA5NQRTKGRA.5.xls
native_000%2F3.197471.FFCENWLLRTXDFDX112BAJZ43424ZASE3A.1.xls
native_000%2F3.197492.J5QOJAAQEGJUZOSZOABVBAKYTIIQROFQB.1.xls
native_000%2F3.197492.J5QOJAAQEGJUZOSZOABVBAKYTIIQROFQB.2.xls
native_000%2F3.197530.BHJO1WV1UK35PETLY4Y4AXQJPVLILWQAA.1.xls
native_000%2F3.197629.JIGS0I5PK1PN2EVLP2QL43DOJ1SDPHU0A.1.xls
native_000%2F3.197647.KRPOWUJXZZFIYM1DQTTPITBKISKNUZ0BB.1.xls
native_000%2F3.197649.HQZM3JCDAPW5E0FVHO0XIGZNLY4TXRWGA.2.xls
native_000%2F3.197853.FCG0U2EMT3VUPKEAE2UXV01EZAUESOXNA.1.xls
native_000%2F3.198137.BTKE0EZZRZTEVTGWF1Q2KLTUEDJYKTO3A.1.xls
native_000%2F3.198154.MGUMJULJLMZSEYZHWHG5BHIXKIXPEB05A.1.xls
native_000%2F3.202637.JFMTKUII0SDVVT3TG05DWOVUKGTBGG1TA.2.xls
native_000%2F3.202842.HFJ5QU1RIWARIX4XKG0GLHUIO2SIS1XCB.2.xls
native_000%2F3.203026.LD0MGZC5SK0STVKX5DPLGM4ZVPZ5EHDAB.2.xls
native_000%2F3.207773.I5YZG4JE3UD2WPFXEYCIHMJGZG0KAPZRB.2.xls
native_000%2F3.207783.EQBRPLL00H23GQD3E4CHUJLLHN4X2MXUA.2.xls
native_000%2F3.207784.J1PWFS5H01FPE4I5TN5WAINT4NPCOIWZB.2.xls
native_000%2F3.212209.HU2JVJEOOG0MJZQRDVCOOEBIDZSRR4DXA.1.xls
native_000%2F3.212215.LDWPQMV34OZCQ0GTVAOUX3BIVKCHIN1QA.1.xls
native_000%2F3.212216.CF0BGLBGFOPK1CBM01XIUS5TBGCPBPAAB.1.xls
native_000%2F3.219737.MHG4QIUCUW5KILGB0T53CZPDSINPYUMSA.1.xls
native_000%2F3.221869.P5NFGHOCJI0M5UXF5D5X1WZRDQKO0DUEB.1.xls
native_000%2F3.222772.AXGEMZ3GTJYHKZ0PFTY2RVN5DEHDR4HIA.1.xls
native_000%2F3.222849.IDQBA4B5ER2C31WJWEQ2KIUI14YR42CZA.1.xls
native_000%2F3.222868.L3TRMJBNOO5DGDGJ1A5L0SNKGF0ZIMW4A.1.xls
native_000%2F3.222884.KZIC4EUOGTN1QIJTHV0E2XBPAGY1H5SRB.1.xls
native_000%2F3.223326.GQD51LKR5APAPSUZGH54CV0TNZDM514EA.1.xls
native_000%2F3.225511.P3YGP5LK1H3U3ZWT0PL0FYOMFI2JIHAWB.1.xls
native_000%2F3.225513.DX23UBHX5QHQSKNHLJDQLRQGX3S53L4XB.1.xls
native_000%2F3.225514.ETJOWQZSHPF4QTRNR4GWK5TLKG43J0ZVA.1.xls
native_000%2F3.225515.N0E2EIH3A0EYCZRKGYLJ3DHMMHNT0OZXB.1.xls
native_000%2F3.225516.JVWLIHJM5VN1ADGRUWLYYZ5KRY5QYMMUB.1.xls
native_000%2F3.225517.IUC3BPDCG1QKGB0QXTU05NVMB5OLEZ3OB.1.xls
native_000%2F3.225518.OUPWEBGAEURX1EX3URORPWXHRN1XA0CSB.1.xls
native_000%2F3.225520.AH3YHBFVQQO3SKJUUKBNAANIU1XRAUQBA.1.xls
native_000%2F3.225523.HRP3FS3EDTIVS0RQQJY4TJUA0PYUMN0JB.1.xls
native_000%2F3.225529.HP2OPHL3YMC5FTV2IJIKXK2YLA43P430A.1.xls
native_000%2F3.225591.OTTBENBMOPTET4GQ5ONUVPYHNUINI4ELB.1.xls
native_000%2F3.225599.HE5GWNALTDKOHOXKX4XRIC3WAR5S2GFRA.1.xls
native_000%2F3.225609.OAUC4PNGV55XVWTPVN1BA15WQTQFWUA1B.1.xls
native_000%2F3.225610.P34WLJCWXY5CVG3TWBI0CCGQXFBKXAIZB.1.xls
native_000%2F3.225665.DX1UVUF5KLVUUBMIEVWIPE0NZYIXQAMVB.1.xls
native_000%2F3.225670.EANYQ3HYP11E1UB2DCNJK1UID2UHFRN0B.1.xls
native_000%2F3.225678.M0UAXR11KR4ELHCSFYBIJS0FAADFWIUJA.1.xls
native_000%2F3.225696.MSXK2WQGXT1TZKJSUC0ASVNMR5RY2SWXA.1.xls
native_000%2F3.225700.OSNWP1QBRMQP25GIQ20VK5DVA4P5DJWLA.1.xls
native_000%2F3.254229.NBRHN2GLUX1MJUJ5CQYFJNYCIVLTZJBRB.1.xls
native_000%2F3.273994.OA3TPZL2DPAPKV0U2CCVVWXI4ONUTC10B.1.xls
native_000%2F3.274031.NEKOSXABY0JCVT2A1H4BUNLMRGXMAIPUB.1.xls
native_000%2F3.274031.NEKOSXABY0JCVT2A1H4BUNLMRGXMAIPUB.10.xls
native_000%2F3.274031.NEKOSXABY0JCVT2A1H4BUNLMRGXMAIPUB.11.xls
native_000%2F3.274031.NEKOSXABY0JCVT2A1H4BUNLMRGXMAIPUB.12.xls
native_000%2F3.274031.NEKOSXABY0JCVT2A1H4BUNLMRGXMAIPUB.13.xls
native_000%2F3.274031.NEKOSXABY0JCVT2A1H4BUNLMRGXMAIPUB.14.xls
native_000%2F3.274031.NEKOSXABY0JCVT2A1H4BUNLMRGXMAIPUB.15.xls
native_000%2F3.274031.NEKOSXABY0JCVT2A1H4BUNLMRGXMAIPUB.16.xls
native_000%2F3.274031.NEKOSXABY0JCVT2A1H4BUNLMRGXMAIPUB.17.xls
native_000%2F3.274031.NEKOSXABY0JCVT2A1H4BUNLMRGXMAIPUB.18.xls
native_000%2F3.274031.NEKOSXABY0JCVT2A1H4BUNLMRGXMAIPUB.19.xls
native_000%2F3.274031.NEKOSXABY0JCVT2A1H4BUNLMRGXMAIPUB.2.xls
native_000%2F3.274031.NEKOSXABY0JCVT2A1H4BUNLMRGXMAIPUB.20.xls
native_000%2F3.274031.NEKOSXABY0JCVT2A1H4BUNLMRGXMAIPUB.21.xls
native_000%2F3.274031.NEKOSXABY0JCVT2A1H4BUNLMRGXMAIPUB.22.xls
native_000%2F3.274031.NEKOSXABY0JCVT2A1H4BUNLMRGXMAIPUB.23.xls
native_000%2F3.274031.NEKOSXABY0JCVT2A1H4BUNLMRGXMAIPUB.24.xls
native_000%2F3.274031.NEKOSXABY0JCVT2A1H4BUNLMRGXMAIPUB.25.xls
native_000%2F3.274031.NEKOSXABY0JCVT2A1H4BUNLMRGXMAIPUB.26.xls
native_000%2F3.274031.NEKOSXABY0JCVT2A1H4BUNLMRGXMAIPUB.3.xls
native_000%2F3.274031.NEKOSXABY0JCVT2A1H4BUNLMRGXMAIPUB.30.xls
native_000%2F3.274031.NEKOSXABY0JCVT2A1H4BUNLMRGXMAIPUB.4.xls
native_000%2F3.274031.NEKOSXABY0JCVT2A1H4BUNLMRGXMAIPUB.5.xls
native_000%2F3.274031.NEKOSXABY0JCVT2A1H4BUNLMRGXMAIPUB.6.xls
native_000%2F3.274031.NEKOSXABY0JCVT2A1H4BUNLMRGXMAIPUB.7.xls
native_000%2F3.274031.NEKOSXABY0JCVT2A1H4BUNLMRGXMAIPUB.8.xls
native_000%2F3.274031.NEKOSXABY0JCVT2A1H4BUNLMRGXMAIPUB.9.xls
native_000%2F3.274335.BXX0VYUX5GIFCGNAVQ5HPIB0AR0AS3B2A.1.xls
native_000%2F3.274336.K3PPUMNGFTXNNXDQTYL4MBID2HKNKXM1A.1.xls
native_000%2F3.274337.PSXASDVRL2EGDM0UIO4SCRZ4XMLECR2MA.1.xls
native_000%2F3.274358.BRZEYM3I50XS5KRCPN5L4J0NAXLESSX0B.1.xls
native_000%2F3.274359.CW2VWAVXSPNM5S5PP5JEETVDQEE1VWUKA.1.xls
native_000%2F3.274360.MV3QN1RLVMLVPKIA44PTFCCKKGS2SBJOB.1.xls
native_000%2F3.274886.OVCYVR1VXPJTOGHZQ5P2KUO0KHD2GTNMB.1.xls
native_000%2F3.274886.OVCYVR1VXPJTOGHZQ5P2KUO0KHD2GTNMB.10.xls
native_000%2F3.274886.OVCYVR1VXPJTOGHZQ5P2KUO0KHD2GTNMB.11.xls
native_000%2F3.274886.OVCYVR1VXPJTOGHZQ5P2KUO0KHD2GTNMB.12.xls
native_000%2F3.274886.OVCYVR1VXPJTOGHZQ5P2KUO0KHD2GTNMB.13.xls
native_000%2F3.274886.OVCYVR1VXPJTOGHZQ5P2KUO0KHD2GTNMB.14.xls
native_000%2F3.274886.OVCYVR1VXPJTOGHZQ5P2KUO0KHD2GTNMB.15.xls
native_000%2F3.274886.OVCYVR1VXPJTOGHZQ5P2KUO0KHD2GTNMB.16.xls
native_000%2F3.274886.OVCYVR1VXPJTOGHZQ5P2KUO0KHD2GTNMB.17.xls
native_000%2F3.274886.OVCYVR1VXPJTOGHZQ5P2KUO0KHD2GTNMB.18.xls
native_000%2F3.274886.OVCYVR1VXPJTOGHZQ5P2KUO0KHD2GTNMB.19.xls
native_000%2F3.274886.OVCYVR1VXPJTOGHZQ5P2KUO0KHD2GTNMB.2.xls
native_000%2F3.274886.OVCYVR1VXPJTOGHZQ5P2KUO0KHD2GTNMB.20.xls
native_000%2F3.274886.OVCYVR1VXPJTOGHZQ5P2KUO0KHD2GTNMB.21.xls
native_000%2F3.274886.OVCYVR1VXPJTOGHZQ5P2KUO0KHD2GTNMB.22.xls
native_000%2F3.274886.OVCYVR1VXPJTOGHZQ5P2KUO0KHD2GTNMB.23.xls
native_000%2F3.274886.OVCYVR1VXPJTOGHZQ5P2KUO0KHD2GTNMB.3.xls
native_000%2F3.274886.OVCYVR1VXPJTOGHZQ5P2KUO0KHD2GTNMB.4.xls
native_000%2F3.274886.OVCYVR1VXPJTOGHZQ5P2KUO0KHD2GTNMB.5.xls
native_000%2F3.274886.OVCYVR1VXPJTOGHZQ5P2KUO0KHD2GTNMB.6.xls
native_000%2F3.274886.OVCYVR1VXPJTOGHZQ5P2KUO0KHD2GTNMB.7.xls
native_000%2F3.274886.OVCYVR1VXPJTOGHZQ5P2KUO0KHD2GTNMB.8.xls
native_000%2F3.274886.OVCYVR1VXPJTOGHZQ5P2KUO0KHD2GTNMB.9.xls
native_000%2F3.274899.HZVNRTU0IUD1JNLQAESKOWXJXKCOI3FDA.1.xls
native_000%2F3.274901.JINAEINMI1FSJTD0W3OWLRZ0KEWMZM5LB.1.xls
native_000%2F3.274907.GHEDWHXM15X35JM5O3IR41YVSJO0HIXJA.1.xls
native_000%2F3.274911.IKSG1NDXJP30JHC1Q3E352EIDIRV1FVMA.1.xls
native_000%2F3.274981.LS1URBUW40KTYLSSQAFTME5MZ3ZENRJQB.1.xls
native_000%2F3.274984.C2B3XJIJMI2PLRWEXKVXTMBE4GBFQWMNB.1.xls
native_000%2F3.274987.JQJVRAPGU2QIVQRTTU3EGTSYVBS2QQY1B.1.xls
native_000%2F3.274992.P0E2IQLQW2I5UGSEFTSIYBC1UMF0OEB4B.1.xls
native_000%2F3.274996.DO0U2T4QPN1D00CASUAXQYJHMVEBQUASA.1.xls
native_000%2F3.275002.IEQYZNZE24G4BLAIB22FUF2OKXUYE5I5B.1.xls
native_000%2F3.275003.FCR5GFJSDX1O1I3T2NXWDMLUGDSMSA22B.1.xls
native_000%2F3.275004.FYMEPR4JHDHFDSBDPR04ZUZSNW2RIEFKA.1.xls
native_000%2F3.275014.BYAZ3ODQKAJN2WEMTJHJRLQI2ZPIDYX4B.1.xls
native_000%2F3.275015.I2MVWIDOE45JJXNIXER1ACMTJLPIRMBTA.1.xls
native_000%2F3.275020.OXIINR5Q2NG2Y2P52NAHOXAYO0S5132JB.1.xls
native_000%2F3.275021.P5PHHIVVGQ21IZP0XLDMELWENBR5DHNZA.1.xls
native_000%2F3.275025.PFLIVJUF4YWJLZZEBYIAHKMJVK2XQUWSB.1.xls
native_000%2F3.275027.I1TV21LMIHDJJAMYYQGUJQVNBQOF244EB.1.xls
native_000%2F3.275103.DJD5JBTASQGGXTR5P4Z1IREM1RU4QJBVB.1.xls
native_000%2F3.275103.DJD5JBTASQGGXTR5P4Z1IREM1RU4QJBVB.10.xls
native_000%2F3.275103.DJD5JBTASQGGXTR5P4Z1IREM1RU4QJBVB.11.xls
native_000%2F3.275103.DJD5JBTASQGGXTR5P4Z1IREM1RU4QJBVB.12.xls
native_000%2F3.275103.DJD5JBTASQGGXTR5P4Z1IREM1RU4QJBVB.13.xls
native_000%2F3.275103.DJD5JBTASQGGXTR5P4Z1IREM1RU4QJBVB.14.xls
native_000%2F3.275103.DJD5JBTASQGGXTR5P4Z1IREM1RU4QJBVB.15.xls
native_000%2F3.275103.DJD5JBTASQGGXTR5P4Z1IREM1RU4QJBVB.16.xls
native_000%2F3.275103.DJD5JBTASQGGXTR5P4Z1IREM1RU4QJBVB.17.xls
native_000%2F3.275103.DJD5JBTASQGGXTR5P4Z1IREM1RU4QJBVB.18.xls
native_000%2F3.275103.DJD5JBTASQGGXTR5P4Z1IREM1RU4QJBVB.19.xls
native_000%2F3.275103.DJD5JBTASQGGXTR5P4Z1IREM1RU4QJBVB.2.xls
native_000%2F3.275103.DJD5JBTASQGGXTR5P4Z1IREM1RU4QJBVB.20.xls
native_000%2F3.275103.DJD5JBTASQGGXTR5P4Z1IREM1RU4QJBVB.21.xls
native_000%2F3.275103.DJD5JBTASQGGXTR5P4Z1IREM1RU4QJBVB.22.xls
native_000%2F3.275103.DJD5JBTASQGGXTR5P4Z1IREM1RU4QJBVB.23.xls
native_000%2F3.275103.DJD5JBTASQGGXTR5P4Z1IREM1RU4QJBVB.24.xls
native_000%2F3.275103.DJD5JBTASQGGXTR5P4Z1IREM1RU4QJBVB.25.xls
native_000%2F3.275103.DJD5JBTASQGGXTR5P4Z1IREM1RU4QJBVB.26.xls
native_000%2F3.275103.DJD5JBTASQGGXTR5P4Z1IREM1RU4QJBVB.27.xls
native_000%2F3.275103.DJD5JBTASQGGXTR5P4Z1IREM1RU4QJBVB.28.xls
native_000%2F3.275103.DJD5JBTASQGGXTR5P4Z1IREM1RU4QJBVB.29.xls
native_000%2F3.275103.DJD5JBTASQGGXTR5P4Z1IREM1RU4QJBVB.3.xls
native_000%2F3.275103.DJD5JBTASQGGXTR5P4Z1IREM1RU4QJBVB.30.xls
native_000%2F3.275103.DJD5JBTASQGGXTR5P4Z1IREM1RU4QJBVB.31.xls
native_000%2F3.275103.DJD5JBTASQGGXTR5P4Z1IREM1RU4QJBVB.32.xls
native_000%2F3.275103.DJD5JBTASQGGXTR5P4Z1IREM1RU4QJBVB.33.xls
native_000%2F3.275103.DJD5JBTASQGGXTR5P4Z1IREM1RU4QJBVB.34.xls
native_000%2F3.275103.DJD5JBTASQGGXTR5P4Z1IREM1RU4QJBVB.35.xls
native_000%2F3.275103.DJD5JBTASQGGXTR5P4Z1IREM1RU4QJBVB.4.xls
native_000%2F3.275103.DJD5JBTASQGGXTR5P4Z1IREM1RU4QJBVB.5.xls
native_000%2F3.275103.DJD5JBTASQGGXTR5P4Z1IREM1RU4QJBVB.6.xls
native_000%2F3.275103.DJD5JBTASQGGXTR5P4Z1IREM1RU4QJBVB.7.xls
native_000%2F3.275103.DJD5JBTASQGGXTR5P4Z1IREM1RU4QJBVB.8.xls
native_000%2F3.275103.DJD5JBTASQGGXTR5P4Z1IREM1RU4QJBVB.9.xls
native_000%2F3.275118.GHNM4QW4UN2O0NMBPC0WRB2L1LQZS0K2B.1.xls
native_000%2F3.275119.CNPA1DGIKMNPEHOEN5NVHOJIHGPXIOP4A.1.xls
native_000%2F3.275123.DLQGQI0RT1OZFBZCM20WDPFRYZLL1KOIB.1.xls
native_000%2F3.275126.P3YD45P0KIQ5UZEA1OD2AKKGTA5VMTYYB.1.xls
native_000%2F3.275127.GM3FNNVA5MOXU4CCYL0FOSN3HQXKGFZLA.1.xls
native_000%2F3.282899.BCRXKX2UN22OOGI10NDJEM2RB1F14ANMB.4.xls
native_000%2F3.282899.BCRXKX2UN22OOGI10NDJEM2RB1F14ANMB.6.xls
native_000%2F3.283169.EL3VPXJFGCGULMKYAJEF4CMNPPDO55NZA.1.xls
native_000%2F3.283339.CCFYQ1FZXUODJRXQORTKH11LRZVDFIQEA.1.xls
native_000%2F3.284375.O0IEKVJHBBR2G3XCQ0SNFUBLI34141PWB.1.xls
native_000%2F3.284514.MJ2SQGUSBW2ALYIDGPMKLOME0JAQXUUBA.1.xls
native_000%2F3.295163.IFOKNJJ5G4XNCHQRO5PFMRYQSWF1NOFXB.3.xls
native_000%2F3.314424.IFOTAPEKCTZWAICGUKPSELKMETQN4ZIDB.1.xls
native_000%2F3.316707.PZFZ40HP4CZ3QZ5X03ABNRZTZDGUBXQNA.5.xls
native_000%2F3.319407.I1NONZO5NDNNIYRMJWYTIIC145RVPRRSA.1.xls
native_000%2F3.320168.KEENXCY1MOAKMSAUMIWVPZY503NLKF3MA.1.xls
native_000%2F3.320190.HM5M34SLXLZY0ESCFPTXCWQGHL4LLIWZB.1.xls
native_000%2F3.33088.A0QETU4LAIMB4BORMILSXIX110X5Z5SNB.1.xls
native_000%2F3.33113.MZRYBXUPDKPRVA1IJBSRYA2RUBSTSZ3TA.2.xls
native_000%2F3.357.GMRMDNHEVRIDWYELD5YVRRM2K4WWYMG1A.3.xls
native_000%2F3.395421.J3FZDUGAX445T4THD1R1WMYMURUEIEC0B.2.xls
native_000%2F3.398789.KM2WZ54GLODHMKBXH3GWBVWPHV0LGHO4B.1.xls
native_000%2F3.400208.A43GMEHAPNBZZ3QMBPPSUQNYRRYOIJZOB.1.xls
native_000%2F3.400212.CS3BITOQYF1B3Z0PC0YZ32G24ROHZEHUA.1.xls
native_000%2F3.400225.EARQD4S5PX0ZBJBA5ZXVAZ50GUUH4ZXYA.1.xls
native_000%2F3.400226.NAUBY1MQRBWRYGSRUHEFQQJPFCGJ15ZYB.1.xls
native_000%2F3.400227.KLY5YCSFKS200QIS5LGBU15PHB54TR3BB.1.xls
native_000%2F3.400229.A03I4DPLEY51OUC2EVDTOGMTMO4WV2QHB.1.xls
native_000%2F3.400230.J0CATSRVKD3JLRT3BKTIEBSCVKOJMFDVA.1.xls
native_000%2F3.400233.CKYTCE3XBDNGEXVLJMLWI2RYIKZTRWYLB.1.xls
native_000%2F3.400235.FMOESRQDNBZYTVMO3HSXJVU2LJMOLBLRB.1.xls
native_000%2F3.400240.MQUDYVA5XCLPL5GV1DEQARPRMZDPNP3GA.1.xls
native_000%2F3.400242.D1CGPLLZYXARCHZ0ZZ3MZ5TIXHE1LOCKA.1.xls
native_000%2F3.400243.HISFXTYUOCQAV2IM4YRSLASJF5DULWMDB.1.xls
native_000%2F3.400245.PUB4NA0F0HAUL3LWDLJSNIR3GKXVLCBXA.1.xls
native_000%2F3.400246.PV5QNKBL4N4IEX2FVZLVRGB2CI3Y0WK1B.1.xls
native_000%2F3.400248.OLQ1V3QRIGJLDVMZ5HXTSPIXHNY23SOHA.1.xls
native_000%2F3.400253.ISU214OTDKOJAFAX3BIUGWIZ0WNO0LT3B.1.xls
native_000%2F3.400256.N3V3E5WUX32YP4FVMZ1ZYWAMN0JPEZ53B.1.xls
native_000%2F3.400258.KUSP34E5IMJU5CTEAKCEJMF2PCKA14BKA.1.xls
native_000%2F3.400260.JIMWMZ2BZ2H4QXUO1AGJWEGSTYMKHIRIB.1.xls
native_000%2F3.400266.I2AXFX2YKUP1TQDZ4BAYPVWUBJ5F5ERSB.1.xls
native_000%2F3.400267.MWPU3VFRPS0IYPUGL2Z0PIE5EGQYARQHA.1.xls
native_000%2F3.400269.JYTE0STWSBVUYUWR3EUD5UOTPKZXNIY3B.1.xls
native_000%2F3.400273.F03H1IXZTI2BGRELHKE3U50IB1N43MKHB.1.xls
native_000%2F3.400274.KAA5HT15G5UIFA20323JNNODD23OETGGB.1.xls
native_000%2F3.400278.NZWEMX3IT4LUQNMCSDPTVAF3YALVOET2B.1.xls
native_000%2F3.400953.IOS3IP1WFFM2RMU304RR0PIBD5XHQBKOB.1.xls
native_000%2F3.402291.APO3BNMQDSXRCXOVZIF2AP0V2AIZ2ZDLA.1.xls
native_000%2F3.402295.AB3ZNSQCRRMKW4JVQBYFG111JZULT1GWB.1.xls
native_000%2F3.402299.PK5O0PV5OVT1DZXT3TY0S2CZGDOZEEOFB.1.xls
native_000%2F3.402300.I2UMDYLJRFETGMOBKEB2H1TQO0VTO4K3A.1.xls
native_000%2F3.402301.EUW3KNX5OHAIZO3RQ0H0JKCWIP0T0USMB.1.xls
native_000%2F3.402304.MBV0VQVZSSG4J3G2CYFXVH0LN05B5SZXB.1.xls
native_000%2F3.402305.HBA1BXFEUSGMOJHSMW4O3KCX5DBMP5SZA.1.xls
native_000%2F3.402306.GF21TJ4SLAWHIG4M4ECTGCC5GQBGZAR2A.1.xls
native_000%2F3.402307.CNNBKHTSF5C1WT0V31BZSUBKTKBWRVA3B.1.xls
native_000%2F3.402311.GY0ZCNBQZKXCHJZ3HVKWCCP1T0VFKUDSA.1.xls
native_000%2F3.406123.DGRMLCXPFLORUSZE5KZAQYYG0NF0FFL0A.2.xls
native_000%2F3.406342.IOREL1FP5WAOKE2XQYZEBKJKLJLB42Z0A.2.xls
native_000%2F3.407307.OHS5104I3JTKL5PKINKI1RW1ZP43MWOSB.2.xls
native_000%2F3.407400.NWKZ5RM41P43IEXDPB11LX0YBE2FV1VGB.2.xls
native_000%2F3.412461.NCKG2JTPWDGLDOSD3AM0H44XTPFKSJEXB.2.xls
native_000%2F3.412840.MTMQS2HXIOE2E3JBLVPSHX5N5RHHP11VB.2.xls
native_000%2F3.412853.OZLDOBYE10PQPBKC32RHYPOYVNGSLPOPB.2.xls
native_000%2F3.417953.ALNDK55E4RRJQRCOXNMY4RHZ2U5SXHCHA.4.xls
native_000%2F3.418263.IHBZNLJNMJG4O4V2IDYK5PKIDCN5RNXIB.2.xls
native_000%2F3.418321.L20CJ3PHRYLRMTGQBJ0DQXXIVHOWQNXUA.2.xls
native_000%2F3.418490.BSZTPJQAN3O3PSYL3VAHPBJSMEPK2B13A.2.xls
native_000%2F3.418495.O4T3C2MTVAEFU3Z3DFOB1TFTHJN0SFIVA.2.xls
native_000%2F3.418502.EQF3QYI3SS32NC1QHH513LYYZKHLBI2TB.2.xls
native_000%2F3.421049.N2VQLC2KJMPMJK1B1QVRN5J5AL3QTVOZA.2.xls
native_000%2F3.421286.PUKD1TCLG5TUA2RNOSDWAXW25VOBUI5KB.3.xls
native_000%2F3.427183.GRRCOJHCOXJF3IXW4H1GTWKI4X0F1CWZA.3.xls
native_000%2F3.437977.K35BHS00Q5WI51QROYN0PZ21V3140HNMA.1.xls
native_000%2F3.437980.B41U43DJBZCKF4MTOSZWC1UWURHIKDSNA.1.xls
native_000%2F3.442927.AX1PM4S5UCDIXRWUFYIBCF211JULDXYXA.1.xls
native_000%2F3.442943.KTOWYOX4BXIV1OLLW3S0LFL0UDUTHVX3B.1.xls
native_000%2F3.442950.P13Y1RWCGQZRGSZEIHUMEXQ4OOPTUFDWB.1.xls
native_000%2F3.445056.M1XBBN5VI5J3SQ1ACGCLHJ4VYDPPPRV1A.1.xls
native_000%2F3.445062.H13P3V4F3INNDOS3A4UTXVIU2C3RRS0SA.1.xls
native_000%2F3.445156.MPWMNY53HZXTFAE32FSJG0K2EF1OVKVDB.3.xls
native_000%2F3.445184.OIXLQWHBDC3QE5II33KLYI2OAAFY0OROB.1.xls
native_000%2F3.445186.DXSL4UMNUNYLHATDR2J4IP1IFFND2YOZB.1.xls
native_000%2F3.445195.CXWQNZRQ4RJ5EVVPJKFKWE044GHM10QQA.1.xls
native_000%2F3.445295.KULOMQO0SNYHSACOSVNX1F3MM4L5P2FLB.1.xls
native_000%2F3.445302.ENXU32PWVVIM5H0OWOJAFXW123KU3I2IB.1.xls
native_000%2F3.445370.PK5W2ATXJXVLN5ZJX3JC1RY3K1TOST5CB.1.xls
native_000%2F3.445370.PK5W2ATXJXVLN5ZJX3JC1RY3K1TOST5CB.2.xls
native_000%2F3.452.HC1NHVGPFWI3XF0JT0HE24EHAII53EN1A.1.xls
native_000%2F3.460074.D5B1CNHWGT4RJR5QZNEDOPOA3J1NRZ1XB.1.xls
native_000%2F3.460916.CRLWZVGULP4Z20MD550XKVDV0MRPZYNZA.1.xls
native_000%2F3.465682.JTZJ5SLT4O0AE5FUW35UBDL2UXGYKEGJA.1.xls
native_000%2F3.473215.BTB2BR313EBWNN4XTH2RBRU1W1LYTQBVB.2.xls
native_000%2F3.473908.LYMPEOLPFS3C5B1R0HG554NRHALW41A1B.2.xls
native_000%2F3.497512.NDM1YBCM2PPQHJ4IJTJ0HIC1T4SF4DKDA.1.xls
native_000%2F3.497520.GD24NNSDQ2BFTLEC5JNOPXMPK55BD5GPB.2.xls
native_000%2F3.497542.NELNUZD1L5KSW04L1JUSGSUUISCSLGEBA.2.xls
native_000%2F3.497555.FYI1O2BW5AVN3OT2SRLDL4K1VZ43EQCKA.2.xls
native_000%2F3.497574.BFLKZKUXWNZRVAHAYOF3GUNOBD5HUFSIB.1.xls
native_000%2F3.498075.CIUMODU0X51JGLG3X4WKXG0JTLHYHKABB.1.xls
native_000%2F3.498151.N3QCAYMLJYQFK1DNFZJFLGYIU2CMP10IB.1.xls
native_000%2F3.498177.F12ZZPO5B0TFVHQBHNBM1ERIUUNQC42HA.1.xls
native_000%2F3.498177.F12ZZPO5B0TFVHQBHNBM1ERIUUNQC42HA.2.xls
native_000%2F3.498222.E050CNDKXDFTN10H3QNQNZLUE5KWIVOIA.1.xls
native_000%2F3.498223.IPH4Y4U50JFOJTDHZ3I1Z124D0XX0ZGYA.1.xls
native_000%2F3.498226.NMSQPLK0E1YGKCLBV5XFD2KNF0K4PQJOB.1.xls
native_000%2F3.498298.KN5U4RVN2XWANWNQIKFCPTCZ3LKO1PECA.2.xls
native_000%2F3.498329.HALVIWLGNIN5BYV25VM41RJM5Z3S5L1QA.1.xls
native_000%2F3.498329.HALVIWLGNIN5BYV25VM41RJM5Z3S5L1QA.2.xls
native_000%2F3.498982.O0QDXO15DP05FJX1Y4RWD14UUR33KPW0B.1.xls
native_000%2F3.498982.O0QDXO15DP05FJX1Y4RWD14UUR33KPW0B.2.xls
native_000%2F3.498984.IUB2MVHGYEFMMMIYJBP3KKJG4VNDJGO0A.1.xls
native_000%2F3.498984.IUB2MVHGYEFMMMIYJBP3KKJG4VNDJGO0A.2.xls
native_000%2F3.499006.IZKZ3G3YSGDZDEB1VFP3J0CBKV104NCJA.1.xls
native_000%2F3.499036.PBCPIWT4IRJQROBEDUAHX2AYZPIXKABWA.2.xls
native_000%2F3.499038.MAGKE0JBJQTWWFNGTDDAFMPABBSLMHSZB.2.xls
native_000%2F3.499042.E5AUIYP5VILEVZAYDAXHHTUEJS1HJRHOA.2.xls
native_000%2F3.499043.N0XVQ0ZY4GTCBB04QKLOIZNNKHYMG3FDB.2.xls
native_000%2F3.499102.HBM4UHVAINP2NALCQ3ZYH0PPMETG5YWOA.1.xls
native_000%2F3.499102.HBM4UHVAINP2NALCQ3ZYH0PPMETG5YWOA.2.xls
native_000%2F3.499121.P1WMOCRLH4HRCD1ZM0CIH31SH5EAFJ2PA.1.xls
native_000%2F3.499136.JXMWG1Y0YTO1BSTPVL1NJX3VSFLYD2XZB.2.xls
native_000%2F3.499161.PYWYVSSOYFU4YAB0LWIP4RUYNJE1VVF3A.2.xls
native_000%2F3.499168.CEENKUR5MWJW2WSQSZ1HIHB40DUT2P2PB.2.xls
native_000%2F3.499169.JFICH2PBPQS0ERZLHY2CP2GNED1LZR4JA.2.xls
native_000%2F3.499191.C0GYHTQWNDSKXWYSOQFBKY20SFE5EI0VB.1.xls
native_000%2F3.499191.C0GYHTQWNDSKXWYSOQFBKY20SFE5EI0VB.2.xls
native_000%2F3.499219.LBEZ3W5QW0Q2N5M2B3JIYR32SZHEAOIHB.1.xls
native_000%2F3.499387.NVKJ1ZPJOYITQUB25AK1DAAUUXV33NHQB.1.xls
native_000%2F3.499396.OIPFYLXQEMKVB10H4KJYZ3LCFXHMPYSZB.2.xls
native_000%2F3.499420.EECCUADOT4OKOO0LECTWU2DTDDE4MPZDB.2.xls
native_000%2F3.499430.GOWFJ5UJRQCGTFASHBIQUUHAKAMYO0UWA.1.xls
native_000%2F3.499432.CXGLXKMLALHQ1XHCEQAEHRFUSFQIWAVZB.2.xls
native_000%2F3.501179.FPEVHEGMEITEVREFYIMQAHH2BOBAVKD4B.1.xls
native_000%2F3.501187.DVG0TIYPSLOOYAVYAZVIK2DHJNUGRZ5SA.2.xls
native_000%2F3.501233.MQ013OR0KRMLG40HJ1MLGV4GTK1DIE0GB.1.xls
native_000%2F3.501242.IIJAWCATYBD1B34EI4UWG4VTSPQDLTAFA.2.xls
native_000%2F3.501671.KBJP02BVZVNMXT1OBXNACR1CO3YTXR4NB.1.xls
native_000%2F3.501671.KBJP02BVZVNMXT1OBXNACR1CO3YTXR4NB.2.xls
native_000%2F3.501691.GPWBI4UYYQEYUVYHJCGYJED0B3GTK5FOB.1.xls
native_000%2F3.501848.LRC14WZ0QPMF2KGGUIC5HM0L4VGGZOXNA.1.xls
native_000%2F3.501862.JMMP4CSWTFASWRPGL1QKFEYLXQIARVMAA.1.xls
native_000%2F3.501862.JMMP4CSWTFASWRPGL1QKFEYLXQIARVMAA.2.xls
native_000%2F3.501877.LBIIBN0MULOMRHVH43PRLMR5T5MTXTZIA.1.xls
native_000%2F3.501877.LBIIBN0MULOMRHVH43PRLMR5T5MTXTZIA.2.xls
native_000%2F3.501880.EAOWKFBSZW3YKM01P5BYICOOLL4ZVV3YB.1.xls
native_000%2F3.501880.EAOWKFBSZW3YKM01P5BYICOOLL4ZVV3YB.2.xls
native_000%2F3.502063.AJENPX5FXZG4CNHWD4E3TN3HNWMIT4LGB.2.xls
native_000%2F3.502064.FJ5SB250QE24HEDBXNCEQE5CWWQQSZBIA.1.xls
native_000%2F3.502089.H25VYXEXGSGN0OHAA0XER1I2ISELT2BDB.2.xls
native_000%2F3.502099.MSQBIYFVR1VF5TZIX4RXBRDKUFEMZTTBA.2.xls
native_000%2F3.502161.HQ3T0NFWPHRIIWDS0121M4JNPGZWYZP1B.1.xls
native_000%2F3.502401.LCQ4NOLOGQK30XV4Q3LVA1GUNGLPFRQUB.1.xls
native_000%2F3.502401.LCQ4NOLOGQK30XV4Q3LVA1GUNGLPFRQUB.2.xls
native_000%2F3.502434.HIBLWFDYPEWWBOMBKOY3OBKC4WMVGRNQA.2.xls
native_000%2F3.502615.D34I2JHT01B2HEM5XJHBWTXYHNG1XCYIB.1.xls
native_000%2F3.502619.I3DUIZBLWVGHBYMCIISYJ3UQN51NNK52B.2.xls
native_000%2F3.502901.LOFOMNEXDPBDYA4KL1WKQZCJQE1PYNOKA.2.xls
native_000%2F3.503031.O002XXL0XDYIRBMG0PE0RXVSNNBUD5SJA.2.xls
native_000%2F3.503130.CWRKPHBYEQXMMAUE2EAA5345JL4T1EL0B.1.xls
native_000%2F3.503244.NNWWBUXMISG5DPKMLALXLJQLFI4SH1WLB.1.xls
native_000%2F3.503444.OHOGF310UWA5LDGPEJOHLGXLJCLOSGATB.2.xls
native_000%2F3.503561.F3XKMEM0CEQLIRJFA4UV5SXKBK2U2U0IB.1.xls
native_000%2F3.503562.DKSQRQ5SZDFKHH2RM1KP5JUXRTCL4S2TB.1.xls
native_000%2F3.503752.PDCQ0LYM2BFDEZ03YZN2GOC0COEZLL42A.2.xls
native_000%2F3.507988.FOYVPRFBRSYLTGKRP3MGQ4VXSL5FRRFGA.2.xls
native_000%2F3.508119.B3VR04Y1T01QOUD5T2ZL5LZ3YMNUPDA4A.1.xls
native_000%2F3.508122.B1SIE1ZS55SCTX1XXMSE5OIAA4CG2P1VB.2.xls
native_000%2F3.517903.NQZ1MLU2FHVS454C35RXDF455CA10PC3B.3.xls
native_000%2F3.522318.BAMJDIPN4GRCYH3UZJ3OIMFGI0U0BH40A.2.xls
native_000%2F3.537911.BKAR5D1R0YOSYFJAO2KCLQH4OK2TDQJOA.4.xls
native_000%2F3.543068.ALTXYIHTBYSEUTTCX5EC55WKPF4WE22QA.2.xls
native_000%2F3.545103.H11GPGOPSFKXVKGR5QFOU5DPQIG4FJXUA.1.xls
native_000%2F3.545115.HPSMRP25BGOU5UEYNKHAZC0ZOXPUCKA0B.1.xls
native_000%2F3.545116.HIILLQSX3D5HVRHKPXZM1S5NFTZHX1EYA.1.xls
native_000%2F3.545125.KNG04BVNLMPDQCXEIBG1LKG3ZRB52S0XA.1.xls
native_000%2F3.545138.KVYZQTJCZECRWWBKLVHJEHPMQQVPUW3XB.1.xls
native_000%2F3.545139.NBOAYL0SQSDBQ4EYQNTPQDKE1XDP22BBA.1.xls
native_000%2F3.545140.MTQ5KGGMSNC2YAB5DKO4I4CCELBD5XNNB.1.xls
native_000%2F3.545141.KOZJKUYUE4Z2UNRGXEMUCMXL0RJLLCNBA.1.xls
native_000%2F3.545143.M1HEK1AGG0RI1NIU530CURCFYQZGQUUFB.1.xls
native_000%2F3.545145.KTOZQ0GD5AYDI35FHQLG4QIHD2C2BDSDA.1.xls
native_000%2F3.545152.PP3YEGIBJ4QHNOQJJZV32UF4JU5ZZJ1UB.1.xls
native_000%2F3.545155.MMW2SA4CX4SGB3QGTLPAG4ZBJH5SOMPLA.1.xls
native_000%2F3.545160.NXVMRQATO0VH5PTMUNZRR3WEOHSRWUAVB.1.xls
native_000%2F3.545162.LPGZ5CXZITL3LC3JYOWE4JHFTAUDWSXSB.1.xls
native_000%2F3.545167.LDAPVZWY0SOU4HRNYCNMPSLV5BKUKTBTA.1.xls
native_000%2F3.545173.I4XQKXYA4A0CYT10I50Y2C1XHLNLL40ZB.1.xls
native_000%2F3.545177.LU3J43IR4ZIKYZCKBFRDQBZ0BKZCTUAPA.1.xls
native_000%2F3.545181.LC1PR1OI45CD1UJF0FUL0I3XDMUPCYIBB.1.xls
native_000%2F3.545182.GHKLS5WIZC0EWR0UDM42LW2ACCGG0HVNB.1.xls
native_000%2F3.545195.CL33WLUQSPVMOS2MJNEDOYT4M4XLEVUSB.1.xls
native_000%2F3.545263.FC304WUSOXCKVY0SWVRQHBJI0BNLTVM4B.1.xls
native_000%2F3.545271.GK1POX51DTHLYZWJEY4CQOIHZHKZ4ZDFB.1.xls
native_000%2F3.545271.GK1POX51DTHLYZWJEY4CQOIHZHKZ4ZDFB.2.xls
native_000%2F3.554848.JCBMGUHGQIPIZTEZ244P5OQAZJUJT5RHA.2.xls
native_000%2F3.562959.N4PGPOXUSAZOAGYN1WIJKWK0SKVOVINLA.3.xls
native_000%2F3.568839.J5M5LHYAJXJIJQMMZ3AYMBQAZM3O3GEKA.3.xls
native_000%2F3.591962.MCTZXDNOTRK3D01Y3JAEBZGXP2QH45Z3B.2.xls
native_000%2F3.601317.IYNMNJHFWBR3YG0XLBM210EOZAZORNK3B.2.xls
native_000%2F3.601473.CFVGAU5XB0BPOUMBGSJQYZ4WIHVYDPAPB.2.xls
native_000%2F3.606323.N0Z3QAZZL25GV0QDO01MCLKU22KEYY0VA.2.xls
native_000%2F3.619234.H3GXH1YPXHYKMYBIO5XS255Y3H0EA2VUB.1.xls
native_000%2F3.619235.KY52FWZXW33EORWOGAFDOKJRYXBKYLTXA.2.xls
native_000%2F3.621226.HAKIBRKRTPJZ0WQRPO4ZBFLDMBHIUIGLB.2.xls
native_000%2F3.621993.ONV4QA0QQKWB0TGQ0L5J3X5Y2ISIIQ0YA.2.xls
native_000%2F3.621997.DLMHK2YJOH0KKGCUUDC4I4D12EJSZ5IGB.2.xls
native_000%2F3.621998.O3P23VESILLPWLOIOXIKPHTNQ3CD55BMB.1.xls
native_000%2F3.624037.IUIAKK512WP3FFRXPLQ5O1PH33QFTM0UB.2.xls
native_000%2F3.624038.A4WBXV5CBVMHQM2ZKLMKSRHSBXBPUHSWA.2.xls
native_000%2F3.624041.DJ4Y33OGUDUCVPJJCP1WKLNSQRVLEAPHB.1.xls
native_000%2F3.625459.DW1EVHNTONMM22X2E4JVKK4HFNQ4QUKOA.1.xls
native_000%2F3.625460.JQ0A1HCIBI5CHPTNCC0YMGORQMUH2000A.2.xls
native_000%2F3.644626.D1RHZX0X3GGH5PLFTOODSYS0JKDNPQKTB.2.xls
native_000%2F3.644802.GC12ICY4A2V4MWOIKO5143C4H2XPLD0FB.2.xls
native_000%2F3.645510.P13EPYJTYZBGTH2AUEC3FOGM01NYVCS4B.2.xls
native_000%2F3.645637.PMMPCSIOETK3PQBR3EJWRMXKRQ04FVL4A.2.xls
native_000%2F3.661495.MWDAXOYZW0AAGI52SNOZM3RO4IRA03DMB.1.xls
native_000%2F3.662022.AW0R0KJAZTMR2Z3V3IIXYO5OUQ5XIY1VA.1.xls
native_000%2F3.663270.BHCJOQMECWOUJ3JXPZBASKXCU0Y45TBWB.1.xls
native_000%2F3.663701.KENDE4AR0YGJRFIXUYDHNMI45JFVJTIHA.1.xls
native_000%2F3.668032.NSG4GMTWR04D1HK4AHTBXFQK1BVLY4IXB.1.xls
native_000%2F3.668867.IQYK1THNG4UWCHDI02VZ0NAMDN01BTWFB.1.xls
native_000%2F3.681746.OOPQDLP5WFOQXXSOTHKCS5IM0PP5CO3IB.1.xls
native_000%2F3.691078.F4PN3QCNKLC5NN4ZVNQAOBSVELXYAFKVB.2.xls
native_000%2F3.691094.JVELPO1MF32M5VAXUSUDQ4BP54NTXA35B.2.xls
native_000%2F3.727553.J5LQYA145OWDN32W2OPWDWXP2LRH3IVYB.4.xls
native_000%2F3.727783.IATFZ4APTUC3ZJHXGA5B2ANLXI332VONB.2.xls
native_000%2F3.778923.CMZ5M5O55EH2MW0L3B5F1YCKH4KZPLUAB.1.xls
native_000%2F3.779129.H3ENCUQ2FSVEKNWJAVPISLAT0HFPIB0HB.1.xls
native_000%2F3.779132.JIYYHLHFQNVYRAP2DNYMZRUNJ0RVVX0HB.1.xls
native_000%2F3.779138.K0LAATBIXVBQKWA3PWCKQK1WW0JTHZSXB.1.xls
native_000%2F3.779150.HK3YV1JM10XUEGWFOFQ1JOUA3ZP3UDXLB.1.xls
native_000%2F3.779152.HA2NBCRF2J0AO2USV4Y03KJL33FSQLZZB.1.xls
native_000%2F3.779164.OUT1LLS25N1AT1CVYKKN0NVP2HVTLMX2A.1.xls
native_000%2F3.779169.EEA0FDE2XG4RJQY042SEVXCUYTGI0B4ZB.1.xls
native_000%2F3.779355.DJYQNOHIDRVVZH1FVEY1LT4DS1FDQHOXA.1.xls
native_000%2F3.779359.DQADZKZHIK1RD0VMN2BKG5ELVDSZPQESB.1.xls
native_000%2F3.779368.L4MSOMNVZ2DMRC4A3UET5PKA5YH34IRPB.1.xls
native_000%2F3.779378.IJJB2ET0YKIDWNV0VSISNIYUJFF32KNPA.1.xls
native_000%2F3.779386.HSV4XH4WZ4IWIRVCLM3GGAN2AVDDELTMB.1.xls
native_000%2F3.779398.O1XEADKLXEZ2NBZYJAM5TOKEVTHO3MAFA.2.xls
native_000%2F3.779718.MENQFB3SE5XVKMG1MGLT5BUYPN5NU3IAA.2.xls
native_000%2F3.779782.BLRTTTKB5HELD1Q1GXXSQOOKSUX2CRAXA.1.xls
native_000%2F3.780436.BAZODYFYZ3O243VXOX3AEFAD433JNVNUB.1.xls
native_000%2F3.780815.B5L0X1PFAY0URDVCF2WHG2OKQPWCZ5KWB.1.xls
native_000%2F3.780822.CETEZDYH2YDW51CNKX1ZR1LSKWLYSR3CA.1.xls
native_000%2F3.780833.JGUDTGI2UGN3SQTHAVR1O3OJR50BLMYJB.1.xls
native_000%2F3.781037.OIQFYZ1FNCBT15DFID0AWUJMMF453PUZB.1.xls
native_000%2F3.782300.KLCL14PRNYGCPNIQWEC4M3Y3SDWSKST5B.2.xls
native_000%2F3.782301.IMQD4HWGBO0PKNYH2AQZK4TM2DNY2TLFA.2.xls
native_000%2F3.782334.HFS1NQFNO4QGPKFT4PAFKKVICQXY3EO1B.1.xls
native_000%2F3.783967.OA0T31EEK5O4YVG0XQYPHHJXZDDNYYV2B.1.xls
native_000%2F3.783974.AP2LGPANHZGSD5CGJF1GSLO21XXPOVELB.1.xls
native_000%2F3.786467.ATXDJ0RKECUM4XZ1UIO4KWPDAKXVJ5ZIB.1.xls
native_000%2F3.787760.EOXQNQ5DJREFR1AKBCOJHNT5JOVQIK3EA.1.xls
native_000%2F3.787768.KGWHPEMEOQTF21YEQIMXFTIVTNPR0R22B.1.xls
native_000%2F3.787781.PRRBBSGE2X5Q34O25AYLMV1HXOOL1RSGA.1.xls
native_000%2F3.7936.ONN4XN34O5YZOOW2NMPJWYDEGYBH01A1B.1.xls
native_000%2F3.799.JJEZEWMUUCVMLIUAOYQCOGO4LKKAM1GSB.1.xls
native_000%2F3.815101.ACFLQ5RWC23GCFLQJXZ4TRLWRM101PK3B.1.xls
native_000%2F3.855485.HI5ZFQ0TRRMG4H11QOEGPI11XNZV2K4CB.3.xls
native_000%2F3.857854.NQE5FGU0EYCWNT1XLL4432WJBPS0ZIOMA.1.xls
native_000%2F3.857854.NQE5FGU0EYCWNT1XLL4432WJBPS0ZIOMA.2.xls
native_000%2F3.9234.I0JFBOPWT2BYIH3KNUNYVFS020NEPWUWB.1.xls
native_001%2F3.1140879.DZGCEG4AACZ5JUTQP2J0D3TNAXVVTLBPB.3.xls
native_001%2F3.1140879.DZGCEG4AACZ5JUTQP2J0D3TNAXVVTLBPB.5.xls
native_001%2F3.1196040.NQTUPCW1GSEC004L25GUNYR1YDDYPE35B.1.xls
native_001%2F3.1196055.DNT1GW0GRUXAW2RWQGU13FROLTVU3JBNB.1.xls
native_001%2F3.1196055.DNT1GW0GRUXAW2RWQGU13FROLTVU3JBNB.2.xls
native_001%2F3.1196055.DNT1GW0GRUXAW2RWQGU13FROLTVU3JBNB.3.xls
native_001%2F3.1196055.DNT1GW0GRUXAW2RWQGU13FROLTVU3JBNB.4.xls
native_001%2F3.1196055.DNT1GW0GRUXAW2RWQGU13FROLTVU3JBNB.5.xls
native_001%2F3.1200112.G2VYFW3C15HVPGDYWEGSRRJJVDQI1DFYA.1.xls
native_001%2F3.1200683.MCSCM4SCIWHOLOCGU4BJO2Z3MGEEZE5IA.1.xls
native_001%2F3.1200687.DPV4ZLZCBL4ULUJGYD1YUZEGXCGNJUDGB.1.xls
native_001%2F3.1200689.PPMRMKMGBD1SCUOK40I1AMZ0XZFK3T4TA.1.xls
native_001%2F3.1200695.CVA4QNRJHXMRALSGVLEELOKCCHRTZ5FIA.1.xls
native_001%2F3.1200695.CVA4QNRJHXMRALSGVLEELOKCCHRTZ5FIA.2.xls
native_001%2F3.1200695.CVA4QNRJHXMRALSGVLEELOKCCHRTZ5FIA.3.xls
native_001%2F3.1200695.CVA4QNRJHXMRALSGVLEELOKCCHRTZ5FIA.4.xls
native_001%2F3.1200695.CVA4QNRJHXMRALSGVLEELOKCCHRTZ5FIA.5.xls
native_001%2F3.1200696.DIRMSSITMKFQICXOC2ZM5HR3ZKV00ANQA.1.xls
native_001%2F3.1200981.G3P1A13EVD02HMHEHRRCMCFILD0OQUTXA.1.xls
native_001%2F3.1200981.G3P1A13EVD02HMHEHRRCMCFILD0OQUTXA.2.xls
native_001%2F3.1200981.G3P1A13EVD02HMHEHRRCMCFILD0OQUTXA.3.xls
native_001%2F3.1200981.G3P1A13EVD02HMHEHRRCMCFILD0OQUTXA.4.xls
native_001%2F3.1200985.MIOPQ3NBKREASCIQES15HYHWBR1YLOTTB.1.xls
native_001%2F3.1200986.FBYLTDI00OFAH5CVAUDTSZL5MTVNS12DB.1.xls
native_001%2F3.1200986.FBYLTDI00OFAH5CVAUDTSZL5MTVNS12DB.2.xls
native_001%2F3.1200986.FBYLTDI00OFAH5CVAUDTSZL5MTVNS12DB.3.xls
native_001%2F3.1201054.KG4BCSVUIOWAVTZLG0R53DFRSVLEOVP4A.1.xls
native_001%2F3.1201067.JB3PEWXYC5GH1THA5G31SQ0YC1BOWQLHA.1.xls
native_001%2F3.1201072.DIQONGLW3DLBHGLQYK3EF22OETO3P1WBA.1.xls
native_001%2F3.1201083.EWY5XQPUG4YJ5E5VAYA51U20NXBZJRZ1A.1.xls
native_001%2F3.1201101.KY51TFKOUBYUT4DHNFM3DMMR4TVR5OSJA.1.xls
native_001%2F3.1201119.LZGZNL0ODV4RGYBW1NMPP1SPQCCISQYGB.1.xls
native_001%2F3.1201781.KP5S4HKNVUOYPVMWEBCTDAPB3JXOXDUMB.1.xls
native_001%2F3.1201781.KP5S4HKNVUOYPVMWEBCTDAPB3JXOXDUMB.2.xls
native_001%2F3.1201781.KP5S4HKNVUOYPVMWEBCTDAPB3JXOXDUMB.3.xls
native_001%2F3.1201781.KP5S4HKNVUOYPVMWEBCTDAPB3JXOXDUMB.4.xls
native_001%2F3.1207100.OB5BDFJ2WLYQBI32UM2XVFFXGWGQSIHZB.1.xls
native_001%2F3.1210899.CHGPOJIADPLNNFRRSVGRKSBADU1AUC3MB.1.xls
native_001%2F3.1216605.AILXW2CAXHUO4UULX3R4XALYW3NAJGEBB.1.xls
native_001%2F3.1216605.AILXW2CAXHUO4UULX3R4XALYW3NAJGEBB.2.xls
native_001%2F3.1216605.AILXW2CAXHUO4UULX3R4XALYW3NAJGEBB.3.xls
native_001%2F3.1216605.AILXW2CAXHUO4UULX3R4XALYW3NAJGEBB.4.xls
native_001%2F3.1216659.LZ5HT1AGJQOTFPBQCJ02AUC0KBCHXACIA.1.xls
native_001%2F3.1219092.OPPK1ZYU52Y14JZRY3XRXOY2ISJS3CXHB.1.xls
native_001%2F3.1219092.OPPK1ZYU52Y14JZRY3XRXOY2ISJS3CXHB.2.xls
native_001%2F3.1219092.OPPK1ZYU52Y14JZRY3XRXOY2ISJS3CXHB.3.xls
native_001%2F3.1219092.OPPK1ZYU52Y14JZRY3XRXOY2ISJS3CXHB.4.xls
native_001%2F3.1219092.OPPK1ZYU52Y14JZRY3XRXOY2ISJS3CXHB.5.xls
native_001%2F3.209202.GD0TDH0KXQ4MWXHHM5FCVNAWUUK1LQX1B.3.xls
native_001%2F3.226273.H00QY41BOUNS2OUV0VYOTY2AAATXGGZDB.1.xls
native_001%2F3.226274.MB0BD1O50T1FUXIBQTV25HVE143ZCL1FA.1.xls
native_001%2F3.226276.NMH1ODFZSGHCMPQJFEF5LTBPTECWTU3KA.1.xls
native_001%2F3.226293.OMNJ0H1C1N14IO4UFRGYM2FXYRNTSR1XA.1.xls
native_001%2F3.226303.AZ5ZQ1JLB0BKUDUEIBMRK344YVP1YUYJA.1.xls
native_001%2F3.226304.NH445CDKZJ22SGGLM4MKBZ2C4YEG0YWFA.1.xls
native_001%2F3.226313.MJGB2OYS5FRP1FTAV0BUXSASMNNN0XLPB.1.xls
native_001%2F3.226350.IO5JPCUEP4VZDZB0TRSVNA03D2DZAMUYB.1.xls
native_001%2F3.230611.KGUSUKX1FPWWZUX5CKYHAUJYXKZWRQICA.1.xls
native_001%2F3.230612.HM4BYSJILVQCDKLVX2YQCSVS2X2YCKRJA.1.xls
native_001%2F3.232571.AFXJOA4UC43FHQ1IACUXEAXTSFZWZWU5A.1.xls
native_001%2F3.232575.CRL1HDLS5SL4LDG0YQQC3JK50OXC5JBQA.1.xls
native_001%2F3.235876.JB101MPBVN0EQFO3AD4BCY5B5BX0L4CYA.1.xls
native_001%2F3.235882.LY2VUF3HLDKXEIWY31KZFNKXVUG10UGZB.1.xls
native_001%2F3.235895.DQPH35EJZV2D02TAAHRMITADIJBOLH1VA.1.xls
native_001%2F3.330609.MH5ATDIG4MP4VDR4JUCUQFDWNKEK0ELJA.1.xls
native_001%2F3.330610.LLEXLRHYIZMLHJB4LNTGOQ3311UCQL20B.1.xls
native_001%2F3.499311.AQ5L0C0CY4MNKT2VHBQIPNF5HGNRGR0BA.1.xls
native_001%2F3.499316.LTW3OYPIFY4BKRUUXQDDD2THIRBACIUNA.1.xls
native_001%2F3.499321.D5YRKBEIJY0WJSNRHUPYA2TQECQ3BH2ZB.2.xls
native_001%2F3.500175.IABUJGWQ155B1AKCWW1U55IE4WJ1J2SWB.1.xls
native_001%2F3.500175.IABUJGWQ155B1AKCWW1U55IE4WJ1J2SWB.2.xls
native_001%2F3.500205.JXAGWM5ITSUGKBVL0FDTNIZKDOWYDADHB.2.xls
native_001%2F3.500206.DJQBUSXLUUR4QZIONERHG0F5XREYOG1GB.2.xls
native_001%2F3.501921.GUQQR1QNWNXU31N04QKSKKD24KCMNJVSB.1.xls
native_001%2F3.507797.IRDMTIWLB1WOFC0ILLGYPAHAMKZYZOWCB.2.xls
native_001%2F3.507815.KPKGXU5OYE0KW1NERIQUNJAGF5MQZ54FA.1.xls
native_001%2F3.631573.ENSLADJTE2SNC5OYEUIME2HONMBY2OU1B.2.xls
native_001%2F3.631577.EL0DFXGOMYDQNF5NARFI2LWNNLOXVLS4B.1.xls
native_001%2F3.633003.IVIU4KXAO3Q2SOQC25E4JEZ4QGYXREC2B.2.xls
native_001%2F3.633417.KZD2QBNSLGQGYFMYFE4EZLSFOV2TXY3QB.5.xls
native_001%2F3.635474.K4HK52L4YF4AAIWO0TXTXPVSY4YQQGA3A.2.xls
native_001%2F3.635581.JJMUE14JGNICSHXZBOS4T2NPI45E5MQPA.1.xls
native_001%2F3.635585.N23HYSMEEW2NBUYSXH0W3VCQB52JL4ECA.2.xls
native_001%2F3.636316.AETWTPHN2K5YI00WRXLK511GBT33E0BJB.1.xls
native_001%2F3.638106.MNDRYJCUJFNH4PGL3QCN0VPQUEGVJTUFA.2.xls
native_001%2F3.639485.MMR0JE0VYJT2OXJIX0KPVV5CBHAV4BKBA.1.xls
native_001%2F3.639787.LFGEJPNIPH545CQYAB0RPRAQQPXBPX04B.1.xls
native_001%2F3.670596.L1Z4GTLUFEB2TW2YP4LSELN5M34HFZEYB.1.xls
native_001%2F3.671423.FISMNFPQISZ1T20Q00OQRCHRUB0KZC3CA.1.xls
native_001%2F3.738080.H3ZOBWQAG1TDUMIQJVFU1UD3RZSBU2G1A.2.xls
native_001%2F3.738762.BVMGMBCRQUA3T3KZEJFSXQYBMSHMID2CB.3.xls
native_001%2F3.783989.ATAKSVH3N4GVGV5TB4GSMM5C0Z52KUJTA.1.xls
native_001%2F3.784612.DSO51MIBSBUYVZ3EDENVOLRX0COQ5QJPB.1.xls
native_001%2F3.788886.A0I1AZLYP5EQK1TUJARBSFUMJTCOG0ICB.1.xls
native_001%2F3.788887.CPXKBTAGWTSTUVLQJZX5PHDYEZ1HKTA5A.1.xls
native_001%2F3.788888.CETMNGP1RM5GUQJPS0STNGGSFE32XN1VB.1.xls
native_001%2F3.788889.AE3PKABRNTNPK52H1IMHYAYEDOX5XHOJA.1.xls
native_001%2F3.788890.LZIPSDZSFVNPD0EYFZ4TIZ0MKDZEDQIWA.1.xls
native_001%2F3.788892.PLTJHS45HPGDBBXKK00TEQOMB5DLB0VNB.1.xls
native_001%2F3.788896.L5VG1P44AZZI50EWL05CQEUOFHB4CPM5A.1.xls
native_001%2F3.788897.KGPMUCZ5WP1EPIXWYYTWS42HXTNGQUIWA.1.xls
native_001%2F3.799271.PYQ23PPKD5A2UU05OJBAPGNDS0IY1NOHB.1.xls
native_001%2F3.799282.JVIR3B3GODPKZHFK25E4SU41IXHKLB2TB.1.xls
native_001%2F3.799283.NVNJQMEXVQ0I3AOYVBJG1OOQQQHATFMWB.1.xls
native_001%2F3.799289.LH4X140BRVXX0FQPYJ5OPAZULBGGD5KUA.2.xls
native_001%2F3.803186.GAUJCEM30RWDNB05WN5UPSMTMC4NTBS1A.1.xls
native_001%2F3.803222.MFFMPR3CRHFIZS1ZPQNSQ11PBFPQFTX3A.2.xls
native_001%2F3.870494.PZL3VAVSMDR4IZXZSY40TXH1WJRNZ1BLB.2.xls
native_001%2F3.873529.KA1JRYOOOFQ14UNF4EBPN2XE13WEY2TRB.2.xls
native_001%2F3.876064.CM2BDFCSBTX11GA2OJFKDUIOMQBYI3ALA.2.xls
native_001%2F3.9413.HK0K0H4NRY5DLVYDVQCI3HHZPRTFOCDFB.4.xls
native_002%2F3.1196458.BROKDMQ0DX5NRLE040TK2DQMXOF0YCQ1A.1.xls
native_002%2F3.1196464.NSXA5MC022FM520GR2L4TG1T51EAYISYB.1.xls
native_002%2F3.1196464.NSXA5MC022FM520GR2L4TG1T51EAYISYB.2.xls
native_002%2F3.1196464.NSXA5MC022FM520GR2L4TG1T51EAYISYB.3.xls
native_002%2F3.1196465.HY0NDCTCFMYGIX4EDJPJYD0OGAIXN4N1B.1.xls
native_002%2F3.1196465.HY0NDCTCFMYGIX4EDJPJYD0OGAIXN4N1B.2.xls
native_002%2F3.1196465.HY0NDCTCFMYGIX4EDJPJYD0OGAIXN4N1B.3.xls
native_002%2F3.1196471.GZ5NSPRIXF1UWKVYOL1NKLDJFCYFRZ3VA.1.xls
native_002%2F3.1196473.EE24HCZDWWUKRCJK3QYFBHOZVETOEUBYB.1.xls
native_002%2F3.1196473.EE24HCZDWWUKRCJK3QYFBHOZVETOEUBYB.2.xls
native_002%2F3.1196473.EE24HCZDWWUKRCJK3QYFBHOZVETOEUBYB.3.xls
native_002%2F3.1196515.HZWQ4CETUDFTULCICVOET5G41W2DK1ZAB.1.xls
native_002%2F3.1196515.HZWQ4CETUDFTULCICVOET5G41W2DK1ZAB.2.xls
native_002%2F3.1196515.HZWQ4CETUDFTULCICVOET5G41W2DK1ZAB.3.xls
native_002%2F3.1196522.P2RFG5JSEQWUCYTZS5AT2MCOKKFHNKQSB.1.xls
native_002%2F3.1196522.P2RFG5JSEQWUCYTZS5AT2MCOKKFHNKQSB.2.xls
native_002%2F3.1196522.P2RFG5JSEQWUCYTZS5AT2MCOKKFHNKQSB.3.xls
native_002%2F3.1196524.EAC0BGLPC23JX0NSDVYH3IQLJYHZFYIVA.1.xls
native_002%2F3.1196524.EAC0BGLPC23JX0NSDVYH3IQLJYHZFYIVA.2.xls
native_002%2F3.1196524.EAC0BGLPC23JX0NSDVYH3IQLJYHZFYIVA.3.xls
native_002%2F3.1196527.NEDQGKVEQFL535E04DKNCNL4YDFDZLFFB.1.xls
native_002%2F3.1197295.CWHRJWK3AT3QU0MBBKFD4WIOR5E2FA34A.2.xls
native_002%2F3.1200560.A3LPIDKIXZJKWAQDLWKRSYIYHFF5PUZ4A.1.xls
native_002%2F3.1200560.A3LPIDKIXZJKWAQDLWKRSYIYHFF5PUZ4A.2.xls
native_002%2F3.1200560.A3LPIDKIXZJKWAQDLWKRSYIYHFF5PUZ4A.3.xls
native_002%2F3.1200560.A3LPIDKIXZJKWAQDLWKRSYIYHFF5PUZ4A.4.xls
native_002%2F3.1200560.A3LPIDKIXZJKWAQDLWKRSYIYHFF5PUZ4A.5.xls
native_002%2F3.1200564.JJU2XKYTXZ2O5Q302XQLRJ4EY554PKN1A.1.xls
native_002%2F3.1200564.JJU2XKYTXZ2O5Q302XQLRJ4EY554PKN1A.2.xls
native_002%2F3.1200564.JJU2XKYTXZ2O5Q302XQLRJ4EY554PKN1A.3.xls
native_002%2F3.1200564.JJU2XKYTXZ2O5Q302XQLRJ4EY554PKN1A.4.xls
native_002%2F3.1200564.JJU2XKYTXZ2O5Q302XQLRJ4EY554PKN1A.5.xls
native_002%2F3.1200573.PL5EZFHD1Q1JLA5UXL3GLYFATPAZ02QXA.1.xls
native_002%2F3.1200573.PL5EZFHD1Q1JLA5UXL3GLYFATPAZ02QXA.2.xls
native_002%2F3.1200573.PL5EZFHD1Q1JLA5UXL3GLYFATPAZ02QXA.3.xls
native_002%2F3.1200573.PL5EZFHD1Q1JLA5UXL3GLYFATPAZ02QXA.4.xls
native_002%2F3.1200573.PL5EZFHD1Q1JLA5UXL3GLYFATPAZ02QXA.5.xls
native_002%2F3.1200576.BWL2T35C1NPUMYM3EVO4K4T2ZXCQQXTZA.1.xls
native_002%2F3.1200578.GIGSLUNYSNJFZPH11405GGV2QXL2ZD0MB.1.xls
native_002%2F3.1200578.GIGSLUNYSNJFZPH11405GGV2QXL2ZD0MB.2.xls
native_002%2F3.1200578.GIGSLUNYSNJFZPH11405GGV2QXL2ZD0MB.3.xls
native_002%2F3.1200578.GIGSLUNYSNJFZPH11405GGV2QXL2ZD0MB.4.xls
native_002%2F3.1200578.GIGSLUNYSNJFZPH11405GGV2QXL2ZD0MB.5.xls
native_002%2F3.1200621.BQ2OY1WTXNFOVQCQQP1CKQNZ1P0WYZOFB.1.xls
native_002%2F3.1200656.DFJN3C2HYR1XY21J45HA1J2ZZIUIHTIWA.1.xls
native_002%2F3.1200656.DFJN3C2HYR1XY21J45HA1J2ZZIUIHTIWA.2.xls
native_002%2F3.1200656.DFJN3C2HYR1XY21J45HA1J2ZZIUIHTIWA.3.xls
native_002%2F3.1200656.DFJN3C2HYR1XY21J45HA1J2ZZIUIHTIWA.4.xls
native_002%2F3.1200656.DFJN3C2HYR1XY21J45HA1J2ZZIUIHTIWA.5.xls
native_002%2F3.1200664.N4U5VF53TEUIDBDUY54PRJAWUMMHVH4NB.1.xls
native_002%2F3.1200664.N4U5VF53TEUIDBDUY54PRJAWUMMHVH4NB.2.xls
native_002%2F3.1200664.N4U5VF53TEUIDBDUY54PRJAWUMMHVH4NB.3.xls
native_002%2F3.1200664.N4U5VF53TEUIDBDUY54PRJAWUMMHVH4NB.4.xls
native_002%2F3.1200664.N4U5VF53TEUIDBDUY54PRJAWUMMHVH4NB.5.xls
native_002%2F3.1201204.A31XU0FUERGHLLKFALYTYIGJXK2QGPOCA.2.xls
native_002%2F3.1206267.M34XHDRQ0HXZWLFMVHZVPENAF4N42C04B.2.xls
native_002%2F3.1207672.BRJE0H1HK02QZ5Y4DO4LYD4ORPA10WOYB.2.xls
native_002%2F3.1207673.CIXKW50D4CJF5SMUBJAQX0RINZQHIEBOA.1.xls
native_002%2F3.1207673.CIXKW50D4CJF5SMUBJAQX0RINZQHIEBOA.10.xls
native_002%2F3.1207673.CIXKW50D4CJF5SMUBJAQX0RINZQHIEBOA.11.xls
native_002%2F3.1207673.CIXKW50D4CJF5SMUBJAQX0RINZQHIEBOA.12.xls
native_002%2F3.1207673.CIXKW50D4CJF5SMUBJAQX0RINZQHIEBOA.13.xls
native_002%2F3.1207673.CIXKW50D4CJF5SMUBJAQX0RINZQHIEBOA.14.xls
native_002%2F3.1207673.CIXKW50D4CJF5SMUBJAQX0RINZQHIEBOA.15.xls
native_002%2F3.1207673.CIXKW50D4CJF5SMUBJAQX0RINZQHIEBOA.2.xls
native_002%2F3.1207673.CIXKW50D4CJF5SMUBJAQX0RINZQHIEBOA.3.xls
native_002%2F3.1207673.CIXKW50D4CJF5SMUBJAQX0RINZQHIEBOA.4.xls
native_002%2F3.1207673.CIXKW50D4CJF5SMUBJAQX0RINZQHIEBOA.5.xls
native_002%2F3.1207673.CIXKW50D4CJF5SMUBJAQX0RINZQHIEBOA.6.xls
native_002%2F3.1207673.CIXKW50D4CJF5SMUBJAQX0RINZQHIEBOA.7.xls
native_002%2F3.1207673.CIXKW50D4CJF5SMUBJAQX0RINZQHIEBOA.8.xls
native_002%2F3.1207673.CIXKW50D4CJF5SMUBJAQX0RINZQHIEBOA.9.xls
native_002%2F3.1207694.KUP3KXY11HOSOPWCENOD53FC54LT04YSA.1.xls
native_002%2F3.1207700.AZKFWLD4RWPODSXNDMNZXR51QRL5I1MDB.1.xls
native_002%2F3.1207700.AZKFWLD4RWPODSXNDMNZXR51QRL5I1MDB.2.xls
native_002%2F3.1207700.AZKFWLD4RWPODSXNDMNZXR51QRL5I1MDB.3.xls
native_002%2F3.1207701.KZEXYIGRP0520D2052QSHWJIGW3FOJJAA.1.xls
native_002%2F3.1207701.KZEXYIGRP0520D2052QSHWJIGW3FOJJAA.2.xls
native_002%2F3.1207701.KZEXYIGRP0520D2052QSHWJIGW3FOJJAA.3.xls
native_002%2F3.1207706.DUHXZDYE02MA50UPLC24A0CJGUUGPLWVA.1.xls
native_002%2F3.1207711.KWJ5DBDZF32O0CI3UH3TYP5DX42QXNFPB.1.xls
native_002%2F3.1207719.MTKEHAD4XHBSLZDK0ABN2ZCNR3F4AI1CA.1.xls
native_002%2F3.1207719.MTKEHAD4XHBSLZDK0ABN2ZCNR3F4AI1CA.2.xls
native_002%2F3.1207719.MTKEHAD4XHBSLZDK0ABN2ZCNR3F4AI1CA.3.xls
native_002%2F3.1207722.MHMYXEOJB142U4MDBXUAA4WTV25GCDSNB.1.xls
native_002%2F3.1207722.MHMYXEOJB142U4MDBXUAA4WTV25GCDSNB.2.xls
native_002%2F3.1207722.MHMYXEOJB142U4MDBXUAA4WTV25GCDSNB.3.xls
native_002%2F3.1207745.AOOTCFYT3VUZZMOGXP1UDMWQBEEP5HYJA.1.xls
native_002%2F3.1207745.AOOTCFYT3VUZZMOGXP1UDMWQBEEP5HYJA.2.xls
native_002%2F3.1207745.AOOTCFYT3VUZZMOGXP1UDMWQBEEP5HYJA.3.xls
native_002%2F3.1207745.AOOTCFYT3VUZZMOGXP1UDMWQBEEP5HYJA.4.xls
native_002%2F3.1207747.FCQJLIIZ3XR2EMIZQ12EMQA2AC4FIJ4SA.1.xls
native_002%2F3.1207750.HY4TEXT54T5V2ZM4VA0MAGNJXJFVC5WRB.1.xls
native_002%2F3.1207750.HY4TEXT54T5V2ZM4VA0MAGNJXJFVC5WRB.2.xls
native_002%2F3.1207750.HY4TEXT54T5V2ZM4VA0MAGNJXJFVC5WRB.3.xls
native_002%2F3.1207750.HY4TEXT54T5V2ZM4VA0MAGNJXJFVC5WRB.4.xls
native_002%2F3.1207767.AYDPU0HRR2I0GE5QASIGKR1KM0ZWFAMSB.1.xls
native_002%2F3.1220996.JMFIMAEWJDFZLSAQEVHT1IACFU4OG4MJB.2.xls
native_002%2F3.1220997.C2RNPDCCXEEJSAZCP0CZS13JJFQY0VIPB.1.xls
native_002%2F3.1220997.C2RNPDCCXEEJSAZCP0CZS13JJFQY0VIPB.10.xls
native_002%2F3.1220997.C2RNPDCCXEEJSAZCP0CZS13JJFQY0VIPB.11.xls
native_002%2F3.1220997.C2RNPDCCXEEJSAZCP0CZS13JJFQY0VIPB.12.xls
native_002%2F3.1220997.C2RNPDCCXEEJSAZCP0CZS13JJFQY0VIPB.13.xls
native_002%2F3.1220997.C2RNPDCCXEEJSAZCP0CZS13JJFQY0VIPB.14.xls
native_002%2F3.1220997.C2RNPDCCXEEJSAZCP0CZS13JJFQY0VIPB.15.xls
native_002%2F3.1220997.C2RNPDCCXEEJSAZCP0CZS13JJFQY0VIPB.2.xls
native_002%2F3.1220997.C2RNPDCCXEEJSAZCP0CZS13JJFQY0VIPB.3.xls
native_002%2F3.1220997.C2RNPDCCXEEJSAZCP0CZS13JJFQY0VIPB.4.xls
native_002%2F3.1220997.C2RNPDCCXEEJSAZCP0CZS13JJFQY0VIPB.5.xls
native_002%2F3.1220997.C2RNPDCCXEEJSAZCP0CZS13JJFQY0VIPB.6.xls
native_002%2F3.1220997.C2RNPDCCXEEJSAZCP0CZS13JJFQY0VIPB.7.xls
native_002%2F3.1220997.C2RNPDCCXEEJSAZCP0CZS13JJFQY0VIPB.8.xls
native_002%2F3.1220997.C2RNPDCCXEEJSAZCP0CZS13JJFQY0VIPB.9.xls
native_002%2F3.1221037.LZRILPBQRFJNBSZHA00ICY00B1VYXY0TA.1.xls
native_002%2F3.1221049.BVZ15ATBJM0TGWGSGNC31R1GJLXQBUB3B.1.xls
native_002%2F3.1221049.BVZ15ATBJM0TGWGSGNC31R1GJLXQBUB3B.2.xls
native_002%2F3.1221049.BVZ15ATBJM0TGWGSGNC31R1GJLXQBUB3B.3.xls
native_002%2F3.1221076.IRDCT1XXCKG2TQIMVXSHQUZLGLIRHQMHA.2.xls
native_002%2F3.1221079.FIKQSVUH0RJJ1EM2LZXC4ZFRDMF1VEBTA.1.xls
native_002%2F3.1221079.FIKQSVUH0RJJ1EM2LZXC4ZFRDMF1VEBTA.10.xls
native_002%2F3.1221079.FIKQSVUH0RJJ1EM2LZXC4ZFRDMF1VEBTA.11.xls
native_002%2F3.1221079.FIKQSVUH0RJJ1EM2LZXC4ZFRDMF1VEBTA.12.xls
native_002%2F3.1221079.FIKQSVUH0RJJ1EM2LZXC4ZFRDMF1VEBTA.13.xls
native_002%2F3.1221079.FIKQSVUH0RJJ1EM2LZXC4ZFRDMF1VEBTA.14.xls
native_002%2F3.1221079.FIKQSVUH0RJJ1EM2LZXC4ZFRDMF1VEBTA.15.xls
native_002%2F3.1221079.FIKQSVUH0RJJ1EM2LZXC4ZFRDMF1VEBTA.2.xls
native_002%2F3.1221079.FIKQSVUH0RJJ1EM2LZXC4ZFRDMF1VEBTA.3.xls
native_002%2F3.1221079.FIKQSVUH0RJJ1EM2LZXC4ZFRDMF1VEBTA.4.xls
native_002%2F3.1221079.FIKQSVUH0RJJ1EM2LZXC4ZFRDMF1VEBTA.5.xls
native_002%2F3.1221079.FIKQSVUH0RJJ1EM2LZXC4ZFRDMF1VEBTA.6.xls
native_002%2F3.1221079.FIKQSVUH0RJJ1EM2LZXC4ZFRDMF1VEBTA.7.xls
native_002%2F3.1221079.FIKQSVUH0RJJ1EM2LZXC4ZFRDMF1VEBTA.8.xls
native_002%2F3.1221079.FIKQSVUH0RJJ1EM2LZXC4ZFRDMF1VEBTA.9.xls
native_002%2F3.238382.F0NVMZW2VB2QWO0M2P213L3IVUB253B3B.1.xls
native_002%2F3.331948.HURTZVP1LD5LFWDGZBU5KWQ1R1EB0AVXB.47.xls
native_002%2F3.335473.HJZCHNHRGQJSO2YX3DG4NSOMIWBAHC3VB.1.xls
native_002%2F3.335476.APJDUBQ0O00NH21VVKMULIXCG4LIEEUWA.1.xls
native_002%2F3.380631.P4OZHF00YJPWC035CCMCCKOROR3NBASMA.4.xls
native_002%2F3.576856.DA12ASDG5XIERNNRAOGLJHCC4HVECSJXB.2.xls
native_002%2F3.579306.NAMF24ZIYNHFNVMMOHF1SILU1A0JAEG1B.2.xls
native_002%2F3.632508.KD3QSN0JLNPKI3F0E2Z0PRHCP55A43AJB.2.xls
native_002%2F3.637430.FV2FYKABNYQBTFRQDWZEXINEIASAQUWGB.2.xls
native_002%2F3.639932.DH5QAOJ4FMYSN2Z2NKYGUCKLX2RLNL0BB.2.xls
native_002%2F3.759599.E5I1S5ILCTPGBWWRF102BDJ5OHQE1AHBB.3.xls
native_002%2F3.760035.JBC1SXMYNW5NDX45T2FX1DKS3KZEIVYLA.1.xls
native_002%2F3.799203.CPPBFYIBUELPFZ50PA310K5ZF0DACJKLA.2.xls
native_002%2F3.799218.OKTNASXQDAV2XOKOHNZR5TSK1AD2L413B.1.xls
native_002%2F3.799233.DBA31NCBBFUC2LVJLWC4APVRE0XT1UJMB.1.xls
native_002%2F3.800035.CHQZPLMHRZD0GAQIIIVKKBL5ODPKQGALB.1.xls
native_002%2F3.803632.LI4UNV0LAZVZQ3IAZJFDBJSVHFKTOTFOA.1.xls
native_002%2F3.803635.HPKBCMIKRTWCHAKEU52EFGGXT2CQFYYVA.1.xls
native_002%2F3.803848.K1XNJKI31BL2A2NE0TFASOMT0J5XMEICA.1.xls
native_002%2F3.804496.ED4L5DQG1FP3IVQONDP2I2DSAERBC2MGA.2.xls
native_002%2F3.804543.J1PJBZUFEFX14EJESUJFQSIJN03GWOOCA.1.xls
native_002%2F3.804565.IDSKFQG1XKV5QSLIH2T3CSCM4TFKOLQKA.1.xls
native_002%2F3.804573.DUXPSHOD1HSKHYL13ZSSLYNYXWVYVUHDA.1.xls
native_002%2F3.804607.DXTQT5FHC5QSSTSQHILATGU0JHPUOZOPA.1.xls
native_002%2F3.804818.PNY2OCC4PA3KEYNFAL2NROAVCJ5WO00KA.1.xls
native_002%2F3.805016.AIWVZPXBGTAAHLZMX4FQSBBJ3V5UL4LBA.1.xls
native_002%2F3.805411.AV0G3X0UKGQZPWV1GQNKFSGMAWJSVIMOA.1.xls
native_002%2F3.805773.D3RRA5KIX4GXW2WF4QRSX50PC3W2KVLCB.1.xls
native_002%2F3.812379.PZSIXT5BR3BWP1JHDMXEP2FHUAPVQZC0A.1.xls
native_002%2F3.812380.LCPCEBYFZO5PH0HMFJNIGITBQ5GFMY1YB.1.xls
native_002%2F3.907810.FASLDKYS50WXENKITVCOZLP1BKLZI3GTB.4.xls
native_003%2F3.1220646.EF01NCEGJ5J0EUBGFTWSC1AHSRBEYU5BA.1.xls
native_003%2F3.1220646.EF01NCEGJ5J0EUBGFTWSC1AHSRBEYU5BA.2.xls
native_003%2F3.1220646.EF01NCEGJ5J0EUBGFTWSC1AHSRBEYU5BA.3.xls
native_003%2F3.1220646.EF01NCEGJ5J0EUBGFTWSC1AHSRBEYU5BA.4.xls
native_003%2F3.1220646.EF01NCEGJ5J0EUBGFTWSC1AHSRBEYU5BA.5.xls
native_003%2F3.345703.OAMDD2E1B0UAPJITKGXSG2I5IEWL014FB.1.xls
native_003%2F3.345712.LDPHPEH1JVX5O13KD0UN4G2IMKYKROYDA.1.xls
native_003%2F3.760140.J04LJVXZ44ZTODOBUJVWLH4NXSBHNIFGA.1.xls
native_003%2F3.760142.CWPQCG2UGB0OV51F0OQFIXWO5BI3W4B4A.1.xls
native_003%2F3.760143.P2TLULDERVFV5WPWXWOMSP44MNYP5DANA.1.xls
native_003%2F3.767435.DTV5E05IDMH34Z3DC4KG2N2U5HRHT53AA.2.xls
native_003%2F3.814543.FH0LLTG215V5ABNRYJESK20QV5IVM0FBA.1.xls
native_004%2F3.351207.NQ23AVZGKKYGHSQ2GBBA24E42N2SDKKJA.1.xls
native_004%2F3.351209.FHMFD5DQCMKK2LG5OAE504XEOJOJP1NJA.1.xls
native_006%2F3.119025.KYKGTWHT2JWTHIO2RLKR3D0XYMVENFJQA.3.xls
native_012%2F3.1034765.K1F5WZ5LN5RUAOW3B2ZKZS5XCTBJHLJYA.1.xls
